This is pdfTeX, Version 3.141592653-2.6-1.40.28 (MiKTeX 25.12) (preloaded format=pdflatex 2026.6.4)  4 JUN 2026 16:19
entering extended mode
 restricted \write18 enabled.
 file:line:error style messages enabled.
 %&-line parsing enabled.
**./main.tex
(main.tex
LaTeX2e <2025-11-01>
L3 programming layer <2025-12-24>
(C:\Users\lilit\AppData\Local\Programs\MiKTeX\tex/latex/base\article.cls
Document Class: article 2025/01/22 v1.4n Standard LaTeX document class
(C:\Users\lilit\AppData\Local\Programs\MiKTeX\tex/latex/base\size12.clo
File: size12.clo 2025/01/22 v1.4n Standard LaTeX file (size option)
)
\c@part=\count275
\c@section=\count276
\c@subsection=\count277
\c@subsubsection=\count278
\c@paragraph=\count279
\c@subparagraph=\count280
\c@figure=\count281
\c@table=\count282
\abovecaptionskip=\skip49
\belowcaptionskip=\skip50
\bibindent=\dimen148
)
(C:\Users\lilit\AppData\Local\Programs\MiKTeX\tex/latex/base\fontenc.sty
Package: fontenc 2025/07/18 v2.1d Standard LaTeX package
)
(C:\Users\lilit\AppData\Local\Programs\MiKTeX\tex/latex/base\inputenc.sty
Package: inputenc 2024/02/08 v1.3d Input encoding file
\inpenc@prehook=\toks17
\inpenc@posthook=\toks18
)
(C:\Users\lilit\AppData\Local\Programs\MiKTeX\tex/generic/babel\babel.sty
Package: babel 2025/12/11 v25.17 The multilingual framework for LuaLaTeX, pdfLa
TeX and XeLaTeX
\babel@savecnt=\count283
LaTeX Encoding Info:    Redeclaring text command \ij (encoding OT1) on input li
ne 2068.
LaTeX Encoding Info:    Redeclaring text command \IJ (encoding OT1) on input li
ne 2070.
LaTeX Encoding Info:    Redeclaring text command \ij (encoding T1) on input lin
e 2072.
LaTeX Encoding Info:    Redeclaring text command \IJ (encoding T1) on input lin
e 2073.
LaTeX Encoding Info:    Ignoring declaration for text command \ij (encoding ?) 
on input line 2074.
LaTeX Encoding Info:    Ignoring declaration for text command \IJ (encoding ?) 
on input line 2076.
LaTeX Encoding Info:    Ignoring declaration for text command \SS (encoding ?) 
on input line 2101.
\U@D=\dimen149
\l@unhyphenated=\language79

(C:\Users\lilit\AppData\Local\Programs\MiKTeX\tex/generic/babel\txtbabel.def)
\bbl@readstream=\read2
\bbl@dirlevel=\count284
Package babel Info: Configuration files are deprecated, as
(babel)             they can break document portability.
(babel)             Reported on input line 4196.

*************************************
* Local config file bblopts.cfg used
*
(C:\Users\lilit\AppData\Local\Programs\MiKTeX\tex/latex/arabi\bblopts.cfg
File: bblopts.cfg 2005/09/08 v0.1 add Arabic and Farsi to "declared" options of
 babel
)
(C:\Users\lilit\AppData\Local\Programs\MiKTeX\tex/generic/babel/locale/en\babel
-english.tex)
Package babel Info: Importing font and identification data for english
(babel)             from babel-en.ini. Reported on input line 4320.

(C:\Users\lilit\AppData\Local\Programs\MiKTeX\tex/latex/babel-english\english.l
df
Language: english 2017/06/06 v3.3r English support from the babel system
Package babel Info: Hyphen rules for 'canadian' set to \l@english
(babel)             (\language0). Reported on input line 102.
Package babel Info: Hyphen rules for 'australian' set to \l@ukenglish
(babel)             (\language73). Reported on input line 105.
Package babel Info: Hyphen rules for 'newzealand' set to \l@ukenglish
(babel)             (\language73). Reported on input line 108.
)) (C:\Users\lilit\AppData\Local\Programs\MiKTeX\tex/latex/lm\lmodern.sty
Package: lmodern 2015/05/01 v1.6.1 Latin Modern Fonts
LaTeX Font Info:    Overwriting symbol font `operators' in version `normal'
(Font)                  OT1/cmr/m/n --> OT1/lmr/m/n on input line 22.
LaTeX Font Info:    Overwriting symbol font `letters' in version `normal'
(Font)                  OML/cmm/m/it --> OML/lmm/m/it on input line 23.
LaTeX Font Info:    Overwriting symbol font `symbols' in version `normal'
(Font)                  OMS/cmsy/m/n --> OMS/lmsy/m/n on input line 24.
LaTeX Font Info:    Overwriting symbol font `largesymbols' in version `normal'
(Font)                  OMX/cmex/m/n --> OMX/lmex/m/n on input line 25.
LaTeX Font Info:    Overwriting symbol font `operators' in version `bold'
(Font)                  OT1/cmr/bx/n --> OT1/lmr/bx/n on input line 26.
LaTeX Font Info:    Overwriting symbol font `letters' in version `bold'
(Font)                  OML/cmm/b/it --> OML/lmm/b/it on input line 27.
LaTeX Font Info:    Overwriting symbol font `symbols' in version `bold'
(Font)                  OMS/cmsy/b/n --> OMS/lmsy/b/n on input line 28.
LaTeX Font Info:    Overwriting symbol font `largesymbols' in version `bold'
(Font)                  OMX/cmex/m/n --> OMX/lmex/m/n on input line 29.
LaTeX Font Info:    Overwriting math alphabet `\mathbf' in version `normal'
(Font)                  OT1/cmr/bx/n --> OT1/lmr/bx/n on input line 31.
LaTeX Font Info:    Overwriting math alphabet `\mathsf' in version `normal'
(Font)                  OT1/cmss/m/n --> OT1/lmss/m/n on input line 32.
LaTeX Font Info:    Overwriting math alphabet `\mathit' in version `normal'
(Font)                  OT1/cmr/m/it --> OT1/lmr/m/it on input line 33.
LaTeX Font Info:    Overwriting math alphabet `\mathtt' in version `normal'
(Font)                  OT1/cmtt/m/n --> OT1/lmtt/m/n on input line 34.
LaTeX Font Info:    Overwriting math alphabet `\mathbf' in version `bold'
(Font)                  OT1/cmr/bx/n --> OT1/lmr/bx/n on input line 35.
LaTeX Font Info:    Overwriting math alphabet `\mathsf' in version `bold'
(Font)                  OT1/cmss/bx/n --> OT1/lmss/bx/n on input line 36.
LaTeX Font Info:    Overwriting math alphabet `\mathit' in version `bold'
(Font)                  OT1/cmr/bx/it --> OT1/lmr/bx/it on input line 37.
LaTeX Font Info:    Overwriting math alphabet `\mathtt' in version `bold'
(Font)                  OT1/cmtt/m/n --> OT1/lmtt/m/n on input line 38.
)
(C:\Users\lilit\AppData\Local\Programs\MiKTeX\tex/latex/geometry\geometry.sty
Package: geometry 2026/03/07 v6.0 Page Geometry

(C:\Users\lilit\AppData\Local\Programs\MiKTeX\tex/latex/graphics\keyval.sty
Package: keyval 2022/05/29 v1.15 key=value parser (DPC)
\KV@toks@=\toks19
)
(C:\Users\lilit\AppData\Local\Programs\MiKTeX\tex/generic/iftex\ifvtex.sty
Package: ifvtex 2019/10/25 v1.7 ifvtex legacy package. Use iftex instead.

(C:\Users\lilit\AppData\Local\Programs\MiKTeX\tex/generic/iftex\iftex.sty
Package: iftex 2024/12/12 v1.0g TeX engine tests
))
\Gm@cnth=\count285
\Gm@cntv=\count286
\c@Gm@tempcnt=\count287
\Gm@bindingoffset=\dimen150
\Gm@wd@mp=\dimen151
\Gm@odd@mp=\dimen152
\Gm@even@mp=\dimen153
\Gm@layoutwidth=\dimen154
\Gm@layoutheight=\dimen155
\Gm@layouthoffset=\dimen156
\Gm@layoutvoffset=\dimen157
\Gm@dimlist=\toks20

(C:\Users\lilit\AppData\Local\Programs\MiKTeX\tex/latex/geometry\geometry.cfg))
(C:\Users\lilit\AppData\Local\Programs\MiKTeX\tex/latex/graphics\graphicx.sty
Package: graphicx 2024/12/31 v1.2e Enhanced LaTeX Graphics (DPC,SPQR)

(C:\Users\lilit\AppData\Local\Programs\MiKTeX\tex/latex/graphics\graphics.sty
Package: graphics 2024/08/06 v1.4g Standard LaTeX Graphics (DPC,SPQR)

(C:\Users\lilit\AppData\Local\Programs\MiKTeX\tex/latex/graphics\trig.sty
Package: trig 2023/12/02 v1.11 sin cos tan (DPC)
)
(C:\Users\lilit\AppData\Local\Programs\MiKTeX\tex/latex/graphics-cfg\graphics.c
fg
File: graphics.cfg 2016/06/04 v1.11 sample graphics configuration
)
Package graphics Info: Driver file: pdftex.def on input line 106.

(C:\Users\lilit\AppData\Local\Programs\MiKTeX\tex/latex/graphics-def\pdftex.def
File: pdftex.def 2025/09/29 v1.2d Graphics/color driver for pdftex
))
\Gin@req@height=\dimen158
\Gin@req@width=\dimen159
) (C:\Users\lilit\AppData\Local\Programs\MiKTeX\tex/latex/float\float.sty
Package: float 2001/11/08 v1.3d Float enhancements (AL)
\c@float@type=\count288
\float@exts=\toks21
\float@box=\box53
\@float@everytoks=\toks22
\@floatcapt=\box54
)
(C:\Users\lilit\AppData\Local\Programs\MiKTeX\tex/latex/caption\subcaption.sty
Package: subcaption 2023/07/28 v1.6b Sub-captions (AR)

(C:\Users\lilit\AppData\Local\Programs\MiKTeX\tex/latex/caption\caption.sty
Package: caption 2023/08/05 v3.6o Customizing captions (AR)

(C:\Users\lilit\AppData\Local\Programs\MiKTeX\tex/latex/caption\caption3.sty
Package: caption3 2023/07/31 v2.4d caption3 kernel (AR)
\caption@tempdima=\dimen160
\captionmargin=\dimen161
\caption@leftmargin=\dimen162
\caption@rightmargin=\dimen163
\caption@width=\dimen164
\caption@indent=\dimen165
\caption@parindent=\dimen166
\caption@hangindent=\dimen167
Package caption Info: Standard document class detected.
)
\c@caption@flags=\count289
\c@continuedfloat=\count290
Package caption Info: float package is loaded.
)
Package caption Info: New subtype `subfigure' on input line 238.
\c@subfigure=\count291
Package caption Info: New subtype `subtable' on input line 238.
\c@subtable=\count292
) (C:\Users\lilit\AppData\Local\Programs\MiKTeX\tex/latex/listings\listings.sty
\lst@mode=\count293
\lst@gtempboxa=\box55
\lst@token=\toks23
\lst@length=\count294
\lst@currlwidth=\dimen168
\lst@column=\count295
\lst@pos=\count296
\lst@lostspace=\dimen169
\lst@width=\dimen170
\lst@newlines=\count297
\lst@lineno=\count298
\lst@maxwidth=\dimen171

(C:\Users\lilit\AppData\Local\Programs\MiKTeX\tex/latex/listings\lstpatch.sty
File: lstpatch.sty 2025/11/14 1.11b (Carsten Heinz)
)
(C:\Users\lilit\AppData\Local\Programs\MiKTeX\tex/latex/listings\lstmisc.sty
File: lstmisc.sty 2025/11/14 1.11b (Carsten Heinz)
\c@lstnumber=\count299
\lst@skipnumbers=\count300
\lst@framebox=\box56
)
(C:\Users\lilit\AppData\Local\Programs\MiKTeX\tex/latex/listings\listings.cfg
File: listings.cfg 2025/11/14 1.11b listings configuration
))
Package: listings 2025/11/14 1.11b (Carsten Heinz)
==> First Aid for listings.sty no longer applied!
    Expected:
        2024/09/23 1.10c (Carsten Heinz)
    but found:
        2025/11/14 1.11b (Carsten Heinz)
    so I'm assuming it got fixed.
(C:\Users\lilit\AppData\Local\Programs\MiKTeX\tex/latex/setspace\setspace.sty
Package: setspace 2022/12/04 v6.7b set line spacing
)
(C:\Users\lilit\AppData\Local\Programs\MiKTeX\tex/latex/hyperref\hyperref.sty
Package: hyperref 2025-07-12 v7.01o Hypertext links for LaTeX

(C:\Users\lilit\AppData\Local\Programs\MiKTeX\tex/latex/kvsetkeys\kvsetkeys.sty
Package: kvsetkeys 2022-10-05 v1.19 Key value parser (HO)
)
(C:\Users\lilit\AppData\Local\Programs\MiKTeX\tex/generic/kvdefinekeys\kvdefine
keys.sty
Package: kvdefinekeys 2019-12-19 v1.6 Define keys (HO)
)
(C:\Users\lilit\AppData\Local\Programs\MiKTeX\tex/generic/pdfescape\pdfescape.s
ty
Package: pdfescape 2019/12/09 v1.15 Implements pdfTeX's escape features (HO)

(C:\Users\lilit\AppData\Local\Programs\MiKTeX\tex/generic/ltxcmds\ltxcmds.sty
Package: ltxcmds 2023-12-04 v1.26 LaTeX kernel commands for general use (HO)
)
(C:\Users\lilit\AppData\Local\Programs\MiKTeX\tex/generic/pdftexcmds\pdftexcmds
.sty
Package: pdftexcmds 2020-06-27 v0.33 Utility functions of pdfTeX for LuaTeX (HO
)

(C:\Users\lilit\AppData\Local\Programs\MiKTeX\tex/generic/infwarerr\infwarerr.s
ty
Package: infwarerr 2019/12/03 v1.5 Providing info/warning/error messages (HO)
)
Package pdftexcmds Info: \pdf@primitive is available.
Package pdftexcmds Info: \pdf@ifprimitive is available.
Package pdftexcmds Info: \pdfdraftmode found.
))
(C:\Users\lilit\AppData\Local\Programs\MiKTeX\tex/latex/hycolor\hycolor.sty
Package: hycolor 2020-01-27 v1.10 Color options for hyperref/bookmark (HO)
)
(C:\Users\lilit\AppData\Local\Programs\MiKTeX\tex/latex/hyperref\nameref.sty
Package: nameref 2025-06-21 v2.57 Cross-referencing by name of section

(C:\Users\lilit\AppData\Local\Programs\MiKTeX\tex/latex/refcount\refcount.sty
Package: refcount 2019/12/15 v3.6 Data extraction from label references (HO)
)
(C:\Users\lilit\AppData\Local\Programs\MiKTeX\tex/generic/gettitlestring\gettit
lestring.sty
Package: gettitlestring 2019/12/15 v1.6 Cleanup title references (HO)

(C:\Users\lilit\AppData\Local\Programs\MiKTeX\tex/latex/kvoptions\kvoptions.sty
Package: kvoptions 2022-06-15 v3.15 Key value format for package options (HO)
))
\c@section@level=\count301
)
(C:\Users\lilit\AppData\Local\Programs\MiKTeX\tex/latex/etoolbox\etoolbox.sty
Package: etoolbox 2025/10/02 v2.5m e-TeX tools for LaTeX (JAW)
\etb@tempcnta=\count302
)
(C:\Users\lilit\AppData\Local\Programs\MiKTeX\tex/generic/stringenc\stringenc.s
ty
Package: stringenc 2019/11/29 v1.12 Convert strings between diff. encodings (HO
)
)
\@linkdim=\dimen172
\Hy@linkcounter=\count303
\Hy@pagecounter=\count304
 (C:\Users\lilit\AppData\Local\Programs\MiKTeX\tex/latex/hyperref\pd1enc.def
File: pd1enc.def 2025-07-12 v7.01o Hyperref: PDFDocEncoding definition (HO)
Now handling font encoding PD1 ...
... no UTF-8 mapping file for font encoding PD1
) (C:\Users\lilit\AppData\Local\Programs\MiKTeX\tex/generic/intcalc\intcalc.sty
Package: intcalc 2019/12/15 v1.3 Expandable calculations with integers (HO)
)
\Hy@SavedSpaceFactor=\count305
 (C:\Users\lilit\AppData\Local\Programs\MiKTeX\tex/latex/hyperref\puenc.def
File: puenc.def 2025-07-12 v7.01o Hyperref: PDF Unicode definition (HO)
Now handling font encoding PU ...
... no UTF-8 mapping file for font encoding PU
)
Package hyperref Info: Hyper figures OFF on input line 4195.
Package hyperref Info: Link nesting OFF on input line 4200.
Package hyperref Info: Hyper index ON on input line 4203.
Package hyperref Info: Plain pages OFF on input line 4210.
Package hyperref Info: Backreferencing OFF on input line 4215.
Package hyperref Info: Implicit mode ON; LaTeX internals redefined.
Package hyperref Info: Bookmarks ON on input line 4462.
\c@Hy@tempcnt=\count306

(C:\Users\lilit\AppData\Local\Programs\MiKTeX\tex/latex/url\url.sty
\Urlmuskip=\muskip17
Package: url 2013/09/16  ver 3.4  Verb mode for urls, etc.
)
LaTeX Info: Redefining \url on input line 4801.
\XeTeXLinkMargin=\dimen173

(C:\Users\lilit\AppData\Local\Programs\MiKTeX\tex/generic/bitset\bitset.sty
Package: bitset 2019/12/09 v1.3 Handle bit-vector datatype (HO)

(C:\Users\lilit\AppData\Local\Programs\MiKTeX\tex/generic/bigintcalc\bigintcalc
.sty
Package: bigintcalc 2019/12/15 v1.5 Expandable calculations on big integers (HO
)
))
\Fld@menulength=\count307
\Field@Width=\dimen174
\Fld@charsize=\dimen175
Package hyperref Info: Hyper figures OFF on input line 6078.
Package hyperref Info: Link nesting OFF on input line 6083.
Package hyperref Info: Hyper index ON on input line 6086.
Package hyperref Info: backreferencing OFF on input line 6093.
Package hyperref Info: Link coloring OFF on input line 6098.
Package hyperref Info: Link coloring with OCG OFF on input line 6103.
Package hyperref Info: PDF/A mode OFF on input line 6108.
\Hy@abspage=\count308
\c@Item=\count309
\c@Hfootnote=\count310
)
Package hyperref Info: Driver (autodetected): hpdftex.

(C:\Users\lilit\AppData\Local\Programs\MiKTeX\tex/latex/hyperref\hpdftex.def
File: hpdftex.def 2025-07-12 v7.01o Hyperref driver for pdfTeX
\Fld@listcount=\count311
\c@bookmark@seq@number=\count312

(C:\Users\lilit\AppData\Local\Programs\MiKTeX\tex/latex/rerunfilecheck\rerunfil
echeck.sty
Package: rerunfilecheck 2025-06-21 v1.11 Rerun checks for auxiliary files (HO)

(C:\Users\lilit\AppData\Local\Programs\MiKTeX\tex/generic/uniquecounter\uniquec
ounter.sty
Package: uniquecounter 2019/12/15 v1.4 Provide unlimited unique counter (HO)
)
Package uniquecounter Info: New unique counter `rerunfilecheck' on input line 2
84.
)
\Hy@SectionHShift=\skip51
)
(C:\Users\lilit\AppData\Local\Programs\MiKTeX\tex/latex/parskip\parskip.sty
Package: parskip 2021-03-14 v2.0h non-zero parskip adjustments
)
(C:\Users\lilit\AppData\Local\Programs\MiKTeX\tex/latex/amsmath\amsmath.sty
Package: amsmath 2025/07/09 v2.17z AMS math features
\@mathmargin=\skip52

For additional information on amsmath, use the `?' option.
(C:\Users\lilit\AppData\Local\Programs\MiKTeX\tex/latex/amsmath\amstext.sty
Package: amstext 2024/11/17 v2.01 AMS text

(C:\Users\lilit\AppData\Local\Programs\MiKTeX\tex/latex/amsmath\amsgen.sty
File: amsgen.sty 1999/11/30 v2.0 generic functions
\@emptytoks=\toks24
\ex@=\dimen176
))
(C:\Users\lilit\AppData\Local\Programs\MiKTeX\tex/latex/amsmath\amsbsy.sty
Package: amsbsy 1999/11/29 v1.2d Bold Symbols
\pmbraise@=\dimen177
)
(C:\Users\lilit\AppData\Local\Programs\MiKTeX\tex/latex/amsmath\amsopn.sty
Package: amsopn 2022/04/08 v2.04 operator names
)
\inf@bad=\count313
LaTeX Info: Redefining \frac on input line 233.
\uproot@=\count314
\leftroot@=\count315
LaTeX Info: Redefining \overline on input line 398.
LaTeX Info: Redefining \colon on input line 409.
\classnum@=\count316
\DOTSCASE@=\count317
LaTeX Info: Redefining \ldots on input line 495.
LaTeX Info: Redefining \dots on input line 498.
LaTeX Info: Redefining \cdots on input line 619.
\Mathstrutbox@=\box57
\strutbox@=\box58
LaTeX Info: Redefining \big on input line 721.
LaTeX Info: Redefining \Big on input line 722.
LaTeX Info: Redefining \bigg on input line 723.
LaTeX Info: Redefining \Bigg on input line 724.
\big@size=\dimen178
LaTeX Font Info:    Redeclaring font encoding OML on input line 742.
LaTeX Font Info:    Redeclaring font encoding OMS on input line 743.
\macc@depth=\count318
LaTeX Info: Redefining \bmod on input line 904.
LaTeX Info: Redefining \pmod on input line 909.
LaTeX Info: Redefining \smash on input line 939.
LaTeX Info: Redefining \relbar on input line 969.
LaTeX Info: Redefining \Relbar on input line 970.
\c@MaxMatrixCols=\count319
\dotsspace@=\muskip18
\c@parentequation=\count320
\dspbrk@lvl=\count321
\tag@help=\toks25
\row@=\count322
\column@=\count323
\maxfields@=\count324
\andhelp@=\toks26
\eqnshift@=\dimen179
\alignsep@=\dimen180
\tagshift@=\dimen181
\tagwidth@=\dimen182
\totwidth@=\dimen183
\lineht@=\dimen184
\@envbody=\toks27
\multlinegap=\skip53
\multlinetaggap=\skip54
\mathdisplay@stack=\toks28
LaTeX Info: Redefining \[ on input line 2950.
LaTeX Info: Redefining \] on input line 2951.
)
(C:\Users\lilit\AppData\Local\Programs\MiKTeX\tex/latex/amsfonts\amsfonts.sty
Package: amsfonts 2013/01/14 v3.01 Basic AMSFonts support
\symAMSa=\mathgroup4
\symAMSb=\mathgroup5
LaTeX Font Info:    Redeclaring math symbol \hbar on input line 98.
LaTeX Font Info:    Overwriting math alphabet `\mathfrak' in version `bold'
(Font)                  U/euf/m/n --> U/euf/b/n on input line 106.
)
(C:\Users\lilit\AppData\Local\Programs\MiKTeX\tex/latex/pgf/frontendlayer\tikz.
sty
(C:\Users\lilit\AppData\Local\Programs\MiKTeX\tex/latex/pgf/basiclayer\pgf.sty
(C:\Users\lilit\AppData\Local\Programs\MiKTeX\tex/latex/pgf/utilities\pgfrcs.st
y
(C:\Users\lilit\AppData\Local\Programs\MiKTeX\tex/generic/pgf/utilities\pgfutil
-common.tex
\pgfutil@everybye=\toks29
\pgfutil@tempdima=\dimen185
\pgfutil@tempdimb=\dimen186
)
(C:\Users\lilit\AppData\Local\Programs\MiKTeX\tex/generic/pgf/utilities\pgfutil
-latex.def
\pgfutil@abb=\box59
)
(C:\Users\lilit\AppData\Local\Programs\MiKTeX\tex/generic/pgf/utilities\pgfrcs.
code.tex
(C:\Users\lilit\AppData\Local\Programs\MiKTeX\tex/generic/pgf\pgf.revision.tex)
Package: pgfrcs 2025-08-29 v3.1.11a (3.1.11a)
))
Package: pgf 2025-08-29 v3.1.11a (3.1.11a)

(C:\Users\lilit\AppData\Local\Programs\MiKTeX\tex/latex/pgf/basiclayer\pgfcore.
sty
(C:\Users\lilit\AppData\Local\Programs\MiKTeX\tex/latex/pgf/systemlayer\pgfsys.
sty
(C:\Users\lilit\AppData\Local\Programs\MiKTeX\tex/generic/pgf/systemlayer\pgfsy
s.code.tex
Package: pgfsys 2025-08-29 v3.1.11a (3.1.11a)

(C:\Users\lilit\AppData\Local\Programs\MiKTeX\tex/generic/pgf/utilities\pgfkeys
.code.tex
\pgfkeys@pathtoks=\toks30
\pgfkeys@temptoks=\toks31

(C:\Users\lilit\AppData\Local\Programs\MiKTeX\tex/generic/pgf/utilities\pgfkeys
libraryfiltered.code.tex
\pgfkeys@tmptoks=\toks32
))
\pgf@x=\dimen187
\pgf@y=\dimen188
\pgf@xa=\dimen189
\pgf@ya=\dimen190
\pgf@xb=\dimen191
\pgf@yb=\dimen192
\pgf@xc=\dimen193
\pgf@yc=\dimen194
\pgf@xd=\dimen195
\pgf@yd=\dimen196
\w@pgf@writea=\write3
\r@pgf@reada=\read3
\c@pgf@counta=\count325
\c@pgf@countb=\count326
\c@pgf@countc=\count327
\c@pgf@countd=\count328
\t@pgf@toka=\toks33
\t@pgf@tokb=\toks34
\t@pgf@tokc=\toks35
\pgf@sys@id@count=\count329

(C:\Users\lilit\AppData\Local\Programs\MiKTeX\tex/generic/pgf/systemlayer\pgf.c
fg
File: pgf.cfg 2025-08-29 v3.1.11a (3.1.11a)
)
Driver file for pgf: pgfsys-pdftex.def

(C:\Users\lilit\AppData\Local\Programs\MiKTeX\tex/generic/pgf/systemlayer\pgfsy
s-pdftex.def
File: pgfsys-pdftex.def 2025-08-29 v3.1.11a (3.1.11a)

(C:\Users\lilit\AppData\Local\Programs\MiKTeX\tex/generic/pgf/systemlayer\pgfsy
s-common-pdf.def
File: pgfsys-common-pdf.def 2025-08-29 v3.1.11a (3.1.11a)
)))
(C:\Users\lilit\AppData\Local\Programs\MiKTeX\tex/generic/pgf/systemlayer\pgfsy
ssoftpath.code.tex
File: pgfsyssoftpath.code.tex 2025-08-29 v3.1.11a (3.1.11a)
\pgfsyssoftpath@smallbuffer@items=\count330
\pgfsyssoftpath@bigbuffer@items=\count331
)
(C:\Users\lilit\AppData\Local\Programs\MiKTeX\tex/generic/pgf/systemlayer\pgfsy
sprotocol.code.tex
File: pgfsysprotocol.code.tex 2025-08-29 v3.1.11a (3.1.11a)
))
(C:\Users\lilit\AppData\Local\Programs\MiKTeX\tex/latex/xcolor\xcolor.sty
Package: xcolor 2024/09/29 v3.02 LaTeX color extensions (UK)

(C:\Users\lilit\AppData\Local\Programs\MiKTeX\tex/latex/graphics-cfg\color.cfg
File: color.cfg 2016/01/02 v1.6 sample color configuration
)
Package xcolor Info: Driver file: pdftex.def on input line 274.
(C:\Users\lilit\AppData\Local\Programs\MiKTeX\tex/latex/graphics\mathcolor.ltx)
Package xcolor Info: Model `cmy' substituted by `cmy0' on input line 1349.
Package xcolor Info: Model `hsb' substituted by `rgb' on input line 1353.
Package xcolor Info: Model `RGB' extended on input line 1365.
Package xcolor Info: Model `HTML' substituted by `rgb' on input line 1367.
Package xcolor Info: Model `Hsb' substituted by `hsb' on input line 1368.
Package xcolor Info: Model `tHsb' substituted by `hsb' on input line 1369.
Package xcolor Info: Model `HSB' substituted by `hsb' on input line 1370.
Package xcolor Info: Model `Gray' substituted by `gray' on input line 1371.
Package xcolor Info: Model `wave' substituted by `hsb' on input line 1372.
)
(C:\Users\lilit\AppData\Local\Programs\MiKTeX\tex/generic/pgf/basiclayer\pgfcor
e.code.tex
Package: pgfcore 2025-08-29 v3.1.11a (3.1.11a)

(C:\Users\lilit\AppData\Local\Programs\MiKTeX\tex/generic/pgf/math\pgfmath.code
.tex
(C:\Users\lilit\AppData\Local\Programs\MiKTeX\tex/generic/pgf/math\pgfmathutil.
code.tex)
(C:\Users\lilit\AppData\Local\Programs\MiKTeX\tex/generic/pgf/math\pgfmathparse
r.code.tex
\pgfmath@dimen=\dimen197
\pgfmath@count=\count332
\pgfmath@box=\box60
\pgfmath@toks=\toks36
\pgfmath@stack@operand=\toks37
\pgfmath@stack@operation=\toks38
)
(C:\Users\lilit\AppData\Local\Programs\MiKTeX\tex/generic/pgf/math\pgfmathfunct
ions.code.tex)
(C:\Users\lilit\AppData\Local\Programs\MiKTeX\tex/generic/pgf/math\pgfmathfunct
ions.basic.code.tex)
(C:\Users\lilit\AppData\Local\Programs\MiKTeX\tex/generic/pgf/math\pgfmathfunct
ions.trigonometric.code.tex)
(C:\Users\lilit\AppData\Local\Programs\MiKTeX\tex/generic/pgf/math\pgfmathfunct
ions.random.code.tex)
(C:\Users\lilit\AppData\Local\Programs\MiKTeX\tex/generic/pgf/math\pgfmathfunct
ions.comparison.code.tex)
(C:\Users\lilit\AppData\Local\Programs\MiKTeX\tex/generic/pgf/math\pgfmathfunct
ions.base.code.tex)
(C:\Users\lilit\AppData\Local\Programs\MiKTeX\tex/generic/pgf/math\pgfmathfunct
ions.round.code.tex)
(C:\Users\lilit\AppData\Local\Programs\MiKTeX\tex/generic/pgf/math\pgfmathfunct
ions.misc.code.tex)
(C:\Users\lilit\AppData\Local\Programs\MiKTeX\tex/generic/pgf/math\pgfmathfunct
ions.integerarithmetics.code.tex)
(C:\Users\lilit\AppData\Local\Programs\MiKTeX\tex/generic/pgf/math\pgfmathcalc.
code.tex)
(C:\Users\lilit\AppData\Local\Programs\MiKTeX\tex/generic/pgf/math\pgfmathfloat
.code.tex
\c@pgfmathroundto@lastzeros=\count333
))
(C:\Users\lilit\AppData\Local\Programs\MiKTeX\tex/generic/pgf/math\pgfint.code.
tex)
(C:\Users\lilit\AppData\Local\Programs\MiKTeX\tex/generic/pgf/basiclayer\pgfcor
epoints.code.tex
File: pgfcorepoints.code.tex 2025-08-29 v3.1.11a (3.1.11a)
\pgf@picminx=\dimen198
\pgf@picmaxx=\dimen199
\pgf@picminy=\dimen256
\pgf@picmaxy=\dimen257
\pgf@pathminx=\dimen258
\pgf@pathmaxx=\dimen259
\pgf@pathminy=\dimen260
\pgf@pathmaxy=\dimen261
\pgf@xx=\dimen262
\pgf@xy=\dimen263
\pgf@yx=\dimen264
\pgf@yy=\dimen265
\pgf@zx=\dimen266
\pgf@zy=\dimen267
)
(C:\Users\lilit\AppData\Local\Programs\MiKTeX\tex/generic/pgf/basiclayer\pgfcor
epathconstruct.code.tex
File: pgfcorepathconstruct.code.tex 2025-08-29 v3.1.11a (3.1.11a)
\pgf@path@lastx=\dimen268
\pgf@path@lasty=\dimen269
)
(C:\Users\lilit\AppData\Local\Programs\MiKTeX\tex/generic/pgf/basiclayer\pgfcor
epathusage.code.tex
File: pgfcorepathusage.code.tex 2025-08-29 v3.1.11a (3.1.11a)
\pgf@shorten@end@additional=\dimen270
\pgf@shorten@start@additional=\dimen271
)
(C:\Users\lilit\AppData\Local\Programs\MiKTeX\tex/generic/pgf/basiclayer\pgfcor
escopes.code.tex
File: pgfcorescopes.code.tex 2025-08-29 v3.1.11a (3.1.11a)
\pgfpic=\box61
\pgf@hbox=\box62
\pgf@layerbox@main=\box63
\pgf@picture@serial@count=\count334
)
(C:\Users\lilit\AppData\Local\Programs\MiKTeX\tex/generic/pgf/basiclayer\pgfcor
egraphicstate.code.tex
File: pgfcoregraphicstate.code.tex 2025-08-29 v3.1.11a (3.1.11a)
\pgflinewidth=\dimen272
)
(C:\Users\lilit\AppData\Local\Programs\MiKTeX\tex/generic/pgf/basiclayer\pgfcor
etransformations.code.tex
File: pgfcoretransformations.code.tex 2025-08-29 v3.1.11a (3.1.11a)
\pgf@pt@x=\dimen273
\pgf@pt@y=\dimen274
\pgf@pt@temp=\dimen275
)
(C:\Users\lilit\AppData\Local\Programs\MiKTeX\tex/generic/pgf/basiclayer\pgfcor
equick.code.tex
File: pgfcorequick.code.tex 2025-08-29 v3.1.11a (3.1.11a)
)
(C:\Users\lilit\AppData\Local\Programs\MiKTeX\tex/generic/pgf/basiclayer\pgfcor
eobjects.code.tex
File: pgfcoreobjects.code.tex 2025-08-29 v3.1.11a (3.1.11a)
)
(C:\Users\lilit\AppData\Local\Programs\MiKTeX\tex/generic/pgf/basiclayer\pgfcor
epathprocessing.code.tex
File: pgfcorepathprocessing.code.tex 2025-08-29 v3.1.11a (3.1.11a)
)
(C:\Users\lilit\AppData\Local\Programs\MiKTeX\tex/generic/pgf/basiclayer\pgfcor
earrows.code.tex
File: pgfcorearrows.code.tex 2025-08-29 v3.1.11a (3.1.11a)
\pgfarrowsep=\dimen276
)
(C:\Users\lilit\AppData\Local\Programs\MiKTeX\tex/generic/pgf/basiclayer\pgfcor
eshade.code.tex
File: pgfcoreshade.code.tex 2025-08-29 v3.1.11a (3.1.11a)
\pgf@max=\dimen277
\pgf@sys@shading@range@num=\count335
\pgf@shadingcount=\count336
)
(C:\Users\lilit\AppData\Local\Programs\MiKTeX\tex/generic/pgf/basiclayer\pgfcor
eimage.code.tex
File: pgfcoreimage.code.tex 2025-08-29 v3.1.11a (3.1.11a)
)
(C:\Users\lilit\AppData\Local\Programs\MiKTeX\tex/generic/pgf/basiclayer\pgfcor
eexternal.code.tex
File: pgfcoreexternal.code.tex 2025-08-29 v3.1.11a (3.1.11a)
\pgfexternal@startupbox=\box64
)
(C:\Users\lilit\AppData\Local\Programs\MiKTeX\tex/generic/pgf/basiclayer\pgfcor
elayers.code.tex
File: pgfcorelayers.code.tex 2025-08-29 v3.1.11a (3.1.11a)
)
(C:\Users\lilit\AppData\Local\Programs\MiKTeX\tex/generic/pgf/basiclayer\pgfcor
etransparency.code.tex
File: pgfcoretransparency.code.tex 2025-08-29 v3.1.11a (3.1.11a)
)
(C:\Users\lilit\AppData\Local\Programs\MiKTeX\tex/generic/pgf/basiclayer\pgfcor
epatterns.code.tex
File: pgfcorepatterns.code.tex 2025-08-29 v3.1.11a (3.1.11a)
)
(C:\Users\lilit\AppData\Local\Programs\MiKTeX\tex/generic/pgf/basiclayer\pgfcor
erdf.code.tex
File: pgfcorerdf.code.tex 2025-08-29 v3.1.11a (3.1.11a)
)))
(C:\Users\lilit\AppData\Local\Programs\MiKTeX\tex/generic/pgf/modules\pgfmodule
shapes.code.tex
File: pgfmoduleshapes.code.tex 2025-08-29 v3.1.11a (3.1.11a)
\pgfnodeparttextbox=\box65
)
(C:\Users\lilit\AppData\Local\Programs\MiKTeX\tex/generic/pgf/modules\pgfmodule
plot.code.tex
File: pgfmoduleplot.code.tex 2025-08-29 v3.1.11a (3.1.11a)
)
(C:\Users\lilit\AppData\Local\Programs\MiKTeX\tex/latex/pgf/compatibility\pgfco
mp-version-0-65.sty
Package: pgfcomp-version-0-65 2025-08-29 v3.1.11a (3.1.11a)
\pgf@nodesepstart=\dimen278
\pgf@nodesepend=\dimen279
)
(C:\Users\lilit\AppData\Local\Programs\MiKTeX\tex/latex/pgf/compatibility\pgfco
mp-version-1-18.sty
Package: pgfcomp-version-1-18 2025-08-29 v3.1.11a (3.1.11a)
))
(C:\Users\lilit\AppData\Local\Programs\MiKTeX\tex/latex/pgf/utilities\pgffor.st
y
(C:\Users\lilit\AppData\Local\Programs\MiKTeX\tex/latex/pgf/utilities\pgfkeys.s
ty
(C:\Users\lilit\AppData\Local\Programs\MiKTeX\tex/generic/pgf/utilities\pgfkeys
.code.tex))
(C:\Users\lilit\AppData\Local\Programs\MiKTeX\tex/latex/pgf/math\pgfmath.sty
(C:\Users\lilit\AppData\Local\Programs\MiKTeX\tex/generic/pgf/math\pgfmath.code
.tex))
(C:\Users\lilit\AppData\Local\Programs\MiKTeX\tex/generic/pgf/utilities\pgffor.
code.tex
Package: pgffor 2025-08-29 v3.1.11a (3.1.11a)
\pgffor@iter=\dimen280
\pgffor@skip=\dimen281
\pgffor@stack=\toks39
\pgffor@toks=\toks40
))
(C:\Users\lilit\AppData\Local\Programs\MiKTeX\tex/generic/pgf/frontendlayer/tik
z\tikz.code.tex
Package: tikz 2025-08-29 v3.1.11a (3.1.11a)

(C:\Users\lilit\AppData\Local\Programs\MiKTeX\tex/generic/pgf/libraries\pgflibr
aryplothandlers.code.tex
File: pgflibraryplothandlers.code.tex 2025-08-29 v3.1.11a (3.1.11a)
\pgf@plot@mark@count=\count337
\pgfplotmarksize=\dimen282
)
\tikz@lastx=\dimen283
\tikz@lasty=\dimen284
\tikz@lastxsaved=\dimen285
\tikz@lastysaved=\dimen286
\tikz@lastmovetox=\dimen287
\tikz@lastmovetoy=\dimen288
\tikzleveldistance=\dimen289
\tikzsiblingdistance=\dimen290
\tikz@figbox=\box66
\tikz@figbox@bg=\box67
\tikz@tempbox=\box68
\tikz@tempbox@bg=\box69
\tikztreelevel=\count338
\tikznumberofchildren=\count339
\tikznumberofcurrentchild=\count340
\tikz@fig@count=\count341

(C:\Users\lilit\AppData\Local\Programs\MiKTeX\tex/generic/pgf/modules\pgfmodule
matrix.code.tex
File: pgfmodulematrix.code.tex 2025-08-29 v3.1.11a (3.1.11a)
\pgfmatrixcurrentrow=\count342
\pgfmatrixcurrentcolumn=\count343
\pgf@matrix@numberofcolumns=\count344
)
\tikz@expandcount=\count345

(C:\Users\lilit\AppData\Local\Programs\MiKTeX\tex/generic/pgf/frontendlayer/tik
z/libraries\tikzlibrarytopaths.code.tex
File: tikzlibrarytopaths.code.tex 2025-08-29 v3.1.11a (3.1.11a)
)))
(C:\Users\lilit\AppData\Local\Programs\MiKTeX\tex/generic/pgf/frontendlayer/tik
z/libraries\tikzlibraryshapes.geometric.code.tex
File: tikzlibraryshapes.geometric.code.tex 2025-08-29 v3.1.11a (3.1.11a)

(C:\Users\lilit\AppData\Local\Programs\MiKTeX\tex/generic/pgf/libraries/shapes\
pgflibraryshapes.geometric.code.tex
File: pgflibraryshapes.geometric.code.tex 2025-08-29 v3.1.11a (3.1.11a)
))
(C:\Users\lilit\AppData\Local\Programs\MiKTeX\tex/generic/pgf/libraries\pgflibr
aryarrows.meta.code.tex
File: pgflibraryarrows.meta.code.tex 2025-08-29 v3.1.11a (3.1.11a)
\pgfarrowinset=\dimen291
\pgfarrowlength=\dimen292
\pgfarrowwidth=\dimen293
\pgfarrowlinewidth=\dimen294
)
(C:\Users\lilit\AppData\Local\Programs\MiKTeX\tex/generic/pgf/frontendlayer/tik
z/libraries\tikzlibrarypositioning.code.tex
File: tikzlibrarypositioning.code.tex 2025-08-29 v3.1.11a (3.1.11a)
)
(C:\Users\lilit\AppData\Local\Programs\MiKTeX\tex/generic/pgf/frontendlayer/tik
z/libraries\tikzlibrarycalc.code.tex
File: tikzlibrarycalc.code.tex 2025-08-29 v3.1.11a (3.1.11a)
)
(C:\Users\lilit\AppData\Local\Programs\MiKTeX\tex/generic/pgf/frontendlayer/tik
z/libraries\tikzlibraryfit.code.tex
File: tikzlibraryfit.code.tex 2025-08-29 v3.1.11a (3.1.11a)
)
(C:\Users\lilit\AppData\Local\Programs\MiKTeX\tex/generic/pgf/frontendlayer/tik
z/libraries\tikzlibrarybackgrounds.code.tex
File: tikzlibrarybackgrounds.code.tex 2025-08-29 v3.1.11a (3.1.11a)
\pgf@layerbox@background=\box70
\pgf@layerboxsaved@background=\box71
)
(C:\Users\lilit\AppData\Local\Programs\MiKTeX\tex/latex/pgfgantt\pgfgantt.sty
Package: pgfgantt 2024/06/19 v5.0a Draw Gantt diagrams with TikZ

(C:\Users\lilit\AppData\Local\Programs\MiKTeX\tex/generic/pgf/frontendlayer/tik
z/libraries\tikzlibraryarrows.code.tex
File: tikzlibraryarrows.code.tex 2025-08-29 v3.1.11a (3.1.11a)

(C:\Users\lilit\AppData\Local\Programs\MiKTeX\tex/generic/pgf/libraries\pgflibr
aryarrows.code.tex
File: pgflibraryarrows.code.tex 2025-08-29 v3.1.11a (3.1.11a)
\arrowsize=\dimen295
))
(C:\Users\lilit\AppData\Local\Programs\MiKTeX\tex/generic/pgf/frontendlayer/tik
z/libraries\tikzlibrarypatterns.code.tex
File: tikzlibrarypatterns.code.tex 2025-08-29 v3.1.11a (3.1.11a)

(C:\Users\lilit\AppData\Local\Programs\MiKTeX\tex/generic/pgf/libraries\pgflibr
arypatterns.code.tex
File: pgflibrarypatterns.code.tex 2025-08-29 v3.1.11a (3.1.11a)
))
(C:\Users\lilit\AppData\Local\Programs\MiKTeX\tex/latex/pgf/utilities\pgfcalend
ar.sty
(C:\Users\lilit\AppData\Local\Programs\MiKTeX\tex/generic/pgf/utilities\pgfcale
ndar.code.tex
File: pgfcalendar.code.tex 2025-08-29 v3.1.11a (3.1.11a)
\pgfcalendarcurrentjulian=\count346
\pgf@cal@easter@Y=\count347
\pgf@cal@easter@G=\count348
\pgf@cal@easter@C=\count349
\pgf@cal@easter@X=\count350
\pgf@cal@easter@Z=\count351
\pgf@cal@easter@D=\count352
\pgf@cal@easter@E=\count353
\pgf@cal@easter@N=\count354
\pgf@cal@easter@M=\count355
\pgf@cal@easter@julianday=\count356
))
\gtt@currentline=\count357
\gtt@lasttitleline=\count358
\gtt@currgrid=\count359
\gtt@chartwidth=\count360
\gtt@lasttitleslot=\count361
\gtt@elementid=\count362
\gtt@today@slot=\count363
\gtt@startjulian=\count364
\gtt@endjulian=\count365
\gtt@chartid=\count366
\gtt@vrule@slot=\count367
\gtt@calendar@slots=\count368
\gtt@calendar@weeknumber=\count369
\gtt@calendar@startofweek=\count370
\gtt@left@slot=\count371
\gtt@right@slot=\count372
)
(C:\Users\lilit\AppData\Local\Programs\MiKTeX\tex/latex/pgfplots\pgfplots.sty
(C:\Users\lilit\AppData\Local\Programs\MiKTeX\tex/generic/pgfplots\pgfplots.rev
ision.tex)
Package: pgfplots 2021/05/15 v1.18.1 Data Visualization (1.18.1)

(C:\Users\lilit\AppData\Local\Programs\MiKTeX\tex/generic/pgfplots\pgfplots.cod
e.tex
(C:\Users\lilit\AppData\Local\Programs\MiKTeX\tex/generic/pgfplots\pgfplotscore
.code.tex
\t@pgfplots@toka=\toks41
\t@pgfplots@tokb=\toks42
\t@pgfplots@tokc=\toks43
\pgfplots@tmpa=\dimen296
\c@pgfplots@coordindex=\count373
\c@pgfplots@scanlineindex=\count374

(C:\Users\lilit\AppData\Local\Programs\MiKTeX\tex/generic/pgfplots/sys\pgfplots
sysgeneric.code.tex))
(C:\Users\lilit\AppData\Local\Programs\MiKTeX\tex/generic/pgfplots/libs\pgfplot
slibrary.code.tex)
(C:\Users\lilit\AppData\Local\Programs\MiKTeX\tex/generic/pgfplots/oldpgfcompat
ib\pgfplotsoldpgfsupp_loader.code.tex
(C:\Users\lilit\AppData\Local\Programs\MiKTeX\tex/generic/pgf/libraries\pgflibr
aryfpu.code.tex)
Package pgfplots: loading complementary utilities for your pgf version...
\t@pgf@toka=\toks44
\t@pgf@tokb=\toks45
\t@pgf@tokc=\toks46

(C:\Users\lilit\AppData\Local\Programs\MiKTeX\tex/generic/pgfplots/oldpgfcompat
ib\pgfplotsoldpgfsupp_pgfutil-common-lists.tex))
(C:\Users\lilit\AppData\Local\Programs\MiKTeX\tex/generic/pgfplots/util\pgfplot
sutil.code.tex
(C:\Users\lilit\AppData\Local\Programs\MiKTeX\tex/generic/pgfplots/liststructur
e\pgfplotsliststructure.code.tex)
(C:\Users\lilit\AppData\Local\Programs\MiKTeX\tex/generic/pgfplots/liststructur
e\pgfplotsliststructureext.code.tex)
(C:\Users\lilit\AppData\Local\Programs\MiKTeX\tex/generic/pgfplots/liststructur
e\pgfplotsarray.code.tex
\c@pgfplotsarray@tmp=\count375
)
(C:\Users\lilit\AppData\Local\Programs\MiKTeX\tex/generic/pgfplots/liststructur
e\pgfplotsmatrix.code.tex)
(C:\Users\lilit\AppData\Local\Programs\MiKTeX\tex/generic/pgfplots/numtable\pgf
plotstableshared.code.tex
\c@pgfplotstable@counta=\count376
\t@pgfplotstable@a=\toks47
)
(C:\Users\lilit\AppData\Local\Programs\MiKTeX\tex/generic/pgfplots/liststructur
e\pgfplotsdeque.code.tex)
(C:\Users\lilit\AppData\Local\Programs\MiKTeX\tex/generic/pgfplots/util\pgfplot
sbinary.code.tex
(C:\Users\lilit\AppData\Local\Programs\MiKTeX\tex/generic/pgfplots/util\pgfplot
sbinary.data.code.tex))
(C:\Users\lilit\AppData\Local\Programs\MiKTeX\tex/generic/pgfplots/util\pgfplot
sutil.verb.code.tex)
(C:\Users\lilit\AppData\Local\Programs\MiKTeX\tex/generic/pgfplots/libs\pgflibr
arypgfplots.surfshading.code.tex
\c@pgfplotslibrarysurf@no=\count377

(C:\Users\lilit\AppData\Local\Programs\MiKTeX\tex/generic/pgfplots/sys\pgflibra
rypgfplots.surfshading.pgfsys-pdftex.def)))
(C:\Users\lilit\AppData\Local\Programs\MiKTeX\tex/generic/pgfplots/util\pgfplot
scolormap.code.tex
(C:\Users\lilit\AppData\Local\Programs\MiKTeX\tex/generic/pgfplots/util\pgfplot
scolor.code.tex))
(C:\Users\lilit\AppData\Local\Programs\MiKTeX\tex/generic/pgfplots\pgfplotsstac
kedplots.code.tex)
(C:\Users\lilit\AppData\Local\Programs\MiKTeX\tex/generic/pgfplots\pgfplotsplot
handlers.code.tex
(C:\Users\lilit\AppData\Local\Programs\MiKTeX\tex/generic/pgfplots\pgfplotsmesh
plothandler.code.tex
(C:\Users\lilit\AppData\Local\Programs\MiKTeX\tex/generic/pgfplots\pgfplotsmesh
plotimage.code.tex)))
(C:\Users\lilit\AppData\Local\Programs\MiKTeX\tex/generic/pgfplots\pgfplots.sca
ling.code.tex)
(C:\Users\lilit\AppData\Local\Programs\MiKTeX\tex/generic/pgfplots\pgfplotscoor
dprocessing.code.tex)
(C:\Users\lilit\AppData\Local\Programs\MiKTeX\tex/generic/pgfplots\pgfplots.err
orbars.code.tex)
(C:\Users\lilit\AppData\Local\Programs\MiKTeX\tex/generic/pgfplots\pgfplots.mar
kers.code.tex)
(C:\Users\lilit\AppData\Local\Programs\MiKTeX\tex/generic/pgfplots\pgfplotstick
s.code.tex)
(C:\Users\lilit\AppData\Local\Programs\MiKTeX\tex/generic/pgfplots\pgfplots.pat
hs.code.tex)
(C:\Users\lilit\AppData\Local\Programs\MiKTeX\tex/generic/pgf/frontendlayer/tik
z/libraries\tikzlibrarydecorations.code.tex
(C:\Users\lilit\AppData\Local\Programs\MiKTeX\tex/generic/pgf/modules\pgfmodule
decorations.code.tex
\pgfdecoratedcompleteddistance=\dimen297
\pgfdecoratedremainingdistance=\dimen298
\pgfdecoratedinputsegmentcompleteddistance=\dimen299
\pgfdecoratedinputsegmentremainingdistance=\dimen300
\pgf@decorate@distancetomove=\dimen301
\pgf@decorate@repeatstate=\count378
\pgfdecorationsegmentamplitude=\dimen302
\pgfdecorationsegmentlength=\dimen303
)
\tikz@lib@dec@box=\box72
)
(C:\Users\lilit\AppData\Local\Programs\MiKTeX\tex/generic/pgf/frontendlayer/tik
z/libraries\tikzlibrarydecorations.pathmorphing.code.tex
(C:\Users\lilit\AppData\Local\Programs\MiKTeX\tex/generic/pgf/libraries/decorat
ions\pgflibrarydecorations.pathmorphing.code.tex))
(C:\Users\lilit\AppData\Local\Programs\MiKTeX\tex/generic/pgf/frontendlayer/tik
z/libraries\tikzlibrarydecorations.pathreplacing.code.tex
(C:\Users\lilit\AppData\Local\Programs\MiKTeX\tex/generic/pgf/libraries/decorat
ions\pgflibrarydecorations.pathreplacing.code.tex))
(C:\Users\lilit\AppData\Local\Programs\MiKTeX\tex/generic/pgfplots/libs\tikzlib
rarypgfplots.contourlua.code.tex)
\pgfplots@numplots=\count379
\pgfplots@xmin@reg=\dimen304
\pgfplots@xmax@reg=\dimen305
\pgfplots@ymin@reg=\dimen306
\pgfplots@ymax@reg=\dimen307
\pgfplots@zmin@reg=\dimen308
\pgfplots@zmax@reg=\dimen309
)
(C:\Users\lilit\AppData\Local\Programs\MiKTeX\tex/generic/pgf/frontendlayer/tik
z/libraries\tikzlibraryplotmarks.code.tex
File: tikzlibraryplotmarks.code.tex 2025-08-29 v3.1.11a (3.1.11a)

(C:\Users\lilit\AppData\Local\Programs\MiKTeX\tex/generic/pgf/libraries\pgflibr
aryplotmarks.code.tex
File: pgflibraryplotmarks.code.tex 2025-08-29 v3.1.11a (3.1.11a)
)))
Package hyperref Info: Option `colorlinks' set `true' on input line 32.
LaTeX Font Info:    Trying to load font information for T1+lmr on input line 45
.

(C:\Users\lilit\AppData\Local\Programs\MiKTeX\tex/latex/lm\t1lmr.fd
File: t1lmr.fd 2015/05/01 v1.6.1 Font defs for Latin Modern
)
(C:\Users\lilit\AppData\Local\Programs\MiKTeX\tex/latex/l3backend\l3backend-pdf
tex.def
File: l3backend-pdftex.def 2025-10-09 L3 backend support: PDF output (pdfTeX)
\l__color_backend_stack_int=\count380
) (main.aux)
\openout1 = `main.aux'.

LaTeX Font Info:    Checking defaults for OML/cmm/m/it on input line 45.
LaTeX Font Info:    ... okay on input line 45.
LaTeX Font Info:    Checking defaults for OMS/cmsy/m/n on input line 45.
LaTeX Font Info:    ... okay on input line 45.
LaTeX Font Info:    Checking defaults for OT1/cmr/m/n on input line 45.
LaTeX Font Info:    ... okay on input line 45.
LaTeX Font Info:    Checking defaults for T1/cmr/m/n on input line 45.
LaTeX Font Info:    ... okay on input line 45.
LaTeX Font Info:    Checking defaults for TS1/cmr/m/n on input line 45.
LaTeX Font Info:    ... okay on input line 45.
LaTeX Font Info:    Checking defaults for OMX/cmex/m/n on input line 45.
LaTeX Font Info:    ... okay on input line 45.
LaTeX Font Info:    Checking defaults for U/cmr/m/n on input line 45.
LaTeX Font Info:    ... okay on input line 45.
LaTeX Font Info:    Checking defaults for PD1/pdf/m/n on input line 45.
LaTeX Font Info:    ... okay on input line 45.
LaTeX Font Info:    Checking defaults for PU/pdf/m/n on input line 45.
LaTeX Font Info:    ... okay on input line 45.

*geometry* driver: auto-detecting
*geometry* detected driver: pdftex
*geometry* verbose mode - [ preamble ] result:
* driver: pdftex
* paper: letterpaper
* layout: <same size as paper>
* layoutoffset:(h,v)=(0.0pt,0.0pt)
* modes: 
* h-part:(L,W,R)=(42.67912pt, 528.93675pt, 42.67912pt)
* v-part:(T,H,B)=(42.67912pt, 709.61174pt, 42.67912pt)
* \paperwidth=614.295pt
* \paperheight=794.96999pt
* \textwidth=528.93675pt
* \textheight=709.61174pt
* \oddsidemargin=-29.59087pt
* \evensidemargin=-29.59087pt
* \topmargin=-66.59087pt
* \headheight=12.0pt
* \headsep=25.0pt
* \topskip=12.0pt
* \footskip=30.0pt
* \marginparwidth=44.0pt
* \marginparsep=10.0pt
* \columnsep=10.0pt
* \skip\footins=10.8pt plus 4.0pt minus 2.0pt
* \hoffset=0.0pt
* \voffset=0.0pt
* \mag=1000
* \@twocolumnfalse
* \@twosidefalse
* \@mparswitchfalse
* \@reversemarginfalse
* (1in=72.27pt=25.4mm, 1cm=28.453pt)


(C:\Users\lilit\AppData\Local\Programs\MiKTeX\tex/context/base/mkii\supp-pdf.mk
ii
[Loading MPS to PDF converter (version 2006.09.02).]
\scratchcounter=\count381
\scratchdimen=\dimen310
\scratchbox=\box73
\nofMPsegments=\count382
\nofMParguments=\count383
\everyMPshowfont=\toks48
\MPscratchCnt=\count384
\MPscratchDim=\dimen311
\MPnumerator=\count385
\makeMPintoPDFobject=\count386
\everyMPtoPDFconversion=\toks49
)
(C:\Users\lilit\AppData\Local\Programs\MiKTeX\tex/latex/epstopdf-pkg\epstopdf-b
ase.sty
Package: epstopdf-base 2020-01-24 v2.11 Base part for package epstopdf
Package epstopdf-base Info: Redefining graphics rule for `.eps' on input line 4
85.

(C:\Users\lilit\AppData\Local\Programs\MiKTeX\tex/latex/00miktex\epstopdf-sys.c
fg
File: epstopdf-sys.cfg 2021/03/18 v2.0 Configuration of epstopdf for MiKTeX
))
Package caption Info: Begin \AtBeginDocument code.
Package caption Info: hyperref package is loaded.
Package caption Info: listings package is loaded.
Package caption Info: End \AtBeginDocument code.
\c@lstlisting=\count387
Package hyperref Info: Link coloring ON on input line 45.
 (main.out) (main.out)
\@outlinefile=\write4
\openout4 = `main.out'.


Package pgfplots notification 'compat/show suggested version=true': document ha
s been generated with the most recent feature set (\pgfplotsset{compat=1.18}).

[1

{C:/Users/lilit/AppData/Local/MiKTeX/fonts/map/pdftex/pdftex.map}{C:/Users/lili
t/AppData/Local/Programs/MiKTeX/fonts/enc/dvips/lm/lm-ec.enc}] (main.toc
LaTeX Font Info:    Trying to load font information for OT1+lmr on input line 4
.

(C:\Users\lilit\AppData\Local\Programs\MiKTeX\tex/latex/lm\ot1lmr.fd
File: ot1lmr.fd 2015/05/01 v1.6.1 Font defs for Latin Modern
)
LaTeX Font Info:    Trying to load font information for OML+lmm on input line 4
.

(C:\Users\lilit\AppData\Local\Programs\MiKTeX\tex/latex/lm\omllmm.fd
File: omllmm.fd 2015/05/01 v1.6.1 Font defs for Latin Modern
)
LaTeX Font Info:    Trying to load font information for OMS+lmsy on input line 
4.

(C:\Users\lilit\AppData\Local\Programs\MiKTeX\tex/latex/lm\omslmsy.fd
File: omslmsy.fd 2015/05/01 v1.6.1 Font defs for Latin Modern
)
LaTeX Font Info:    Trying to load font information for OMX+lmex on input line 
4.

(C:\Users\lilit\AppData\Local\Programs\MiKTeX\tex/latex/lm\omxlmex.fd
File: omxlmex.fd 2015/05/01 v1.6.1 Font defs for Latin Modern
)
LaTeX Font Info:    External font `lmex10' loaded for size
(Font)              <12> on input line 4.
LaTeX Font Info:    External font `lmex10' loaded for size
(Font)              <8> on input line 4.
LaTeX Font Info:    External font `lmex10' loaded for size
(Font)              <6> on input line 4.
LaTeX Font Info:    Trying to load font information for U+msa on input line 4.

(C:\Users\lilit\AppData\Local\Programs\MiKTeX\tex/latex/amsfonts\umsa.fd
File: umsa.fd 2013/01/14 v3.01 AMS symbols A
)
LaTeX Font Info:    Trying to load font information for U+msb on input line 4.

(C:\Users\lilit\AppData\Local\Programs\MiKTeX\tex/latex/amsfonts\umsb.fd
File: umsb.fd 2013/01/14 v3.01 AMS symbols B
)
[1] [2] [3])
\tf@toc=\write5
\openout5 = `main.toc'.

 [4]
LaTeX Font Info:    Trying to load font information for TS1+lmr on input line 8
3.

(C:\Users\lilit\AppData\Local\Programs\MiKTeX\tex/latex/lm\ts1lmr.fd
File: ts1lmr.fd 2015/05/01 v1.6.1 Font defs for Latin Modern
)
pdfTeX warning (ext4): destination with the same identifier (name{page.1}) has 
been already used, duplicate ignored
<to be read again> 
                   \relax 
l.94 
      [1{C:/Users/lilit/AppData/Local/Programs/MiKTeX/fonts/enc/dvips/lm/lm-ts1
.enc}]
LaTeX Font Info:    External font `lmex10' loaded for size
(Font)              <10> on input line 123.
LaTeX Font Info:    External font `lmex10' loaded for size
(Font)              <7> on input line 123.
LaTeX Font Info:    External font `lmex10' loaded for size
(Font)              <5> on input line 123.
 [2]
LaTeX Font Info:    Trying to load font information for T1+lmtt on input line 1
62.
 (C:\Users\lilit\AppData\Local\Programs\MiKTeX\tex/latex/lm\t1lmtt.fd
File: t1lmtt.fd 2015/05/01 v1.6.1 Font defs for Latin Modern
)
Underfull \hbox (badness 10000) in paragraph at lines 168--169
[]\T1/lmtt/m/n/10 #B8A98C \T1/lmr/m/n/10 / high-light
 []

[3]
Underfull \hbox (badness 10000) in paragraph at lines 223--223
[]\T1/lmr/m/n/10 emerald \T1/lmtt/m/n/10 #10B981\T1/lmr/m/n/10 ,
 []


Underfull \hbox (badness 10000) in paragraph at lines 223--224
[]\T1/lmr/m/n/10 emerald board
 []


Underfull \hbox (badness 10000) in paragraph at lines 223--224
\T1/lmtt/m/n/10 #059669\T1/lmr/m/n/10 , cream
 []


Underfull \hbox (badness 10000) in paragraph at lines 227--228
[]\T1/lmr/m/n/10 magenta board
 []


Underfull \hbox (badness 10000) in paragraph at lines 229--229
[]\T1/lmr/m/n/10 amber \T1/lmtt/m/n/10 #FBBF24\T1/lmr/m/n/10 ,
 []


Underfull \hbox (badness 10000) in paragraph at lines 229--229
\T1/lmr/m/n/10 rasp-berry \T1/lmtt/m/n/10 #E11D48\T1/lmr/m/n/10 ,
 []


Underfull \hbox (badness 10000) in paragraph at lines 229--229
\T1/lmr/m/n/10 blue-berry \T1/lmtt/m/n/10 #3B82F6\T1/lmr/m/n/10 ,
 []


Underfull \hbox (badness 10000) in paragraph at lines 229--229
\T1/lmr/m/n/10 in-digo shut-ters
 []


Underfull \hbox (badness 10000) in paragraph at lines 229--230
[]\T1/lmr/m/n/10 dark in-digo board
 []


Underfull \hbox (badness 1308) in paragraph at lines 229--230
\T1/lmtt/m/n/10 #3730A3\T1/lmr/m/n/10 , am-ber let-
 []


Underfull \hbox (badness 10000) in paragraph at lines 231--231
[]\T1/lmr/m/n/10 Firmament
 []


Underfull \hbox (badness 1460) in paragraph at lines 231--231
[]\T1/lmr/m/n/10 small pixel style plane fig-ures
 []


Underfull \hbox (badness 10000) in paragraph at lines 233--233
[]\T1/lmr/m/n/10 Firmament
 []


Underfull \hbox (badness 10000) in paragraph at lines 237--238
[]\T1/lmr/m/n/10 dark brown board
 []


Underfull \hbox (badness 1005) in paragraph at lines 239--239
[]\T1/lmr/m/n/10 stacked plat-forms climb-ing the
 []


Underfull \hbox (badness 2486) in paragraph at lines 239--239
\T1/lmr/m/n/10 wall and a friendly char-ac-ter
 []


Underfull \hbox (badness 10000) in paragraph at lines 239--240
[]\T1/lmr/m/n/10 crimson board
 []


Underfull \hbox (badness 10000) in paragraph at lines 239--240
\T1/lmtt/m/n/10 #BE123C\T1/lmr/m/n/10 , cream
 []


Underfull \hbox (badness 6220) in paragraph at lines 241--241
[]\T1/lmr/m/n/10 blue \T1/lmtt/m/n/10 #3B82F6\T1/lmr/m/n/10 , sky
 []

[4] [5]
Underfull \hbox (badness 10000) in paragraph at lines 282--282
[]\T1/lmr/m/n/10 Firmament De-
 []


Underfull \hbox (badness 10000) in paragraph at lines 284--284
[]\T1/lmr/m/n/10 Firmament De-
 []

(diagrama/usecase.tex) [6] [7] [8] (diagrama/gantt-schedule.tex) [9]
(diagrama/barchart-days.tex
Package pgfplots info on input line 17: Using 'lua backend=false' for axis: sta
cked plots unsupported (yet).
Package pgfplots info on input line 17: Using 'lua backend=false' for axis: x c
oord trafo unsupported.
) [10] [11{C:/Users/lilit/AppData/Local/Programs/MiKTeX/fonts/enc/dvips/lm/lm-r
m.enc}{C:/Users/lilit/AppData/Local/Programs/MiKTeX/fonts/enc/dvips/lm/lm-mathi
t.enc}{C:/Users/lilit/AppData/Local/Programs/MiKTeX/fonts/enc/dvips/lm/lm-maths
y.enc}] [12] [13] [14]
(diagrama/architecture-overview.tex) [15] [16]
Package hyperref Info: bookmark level for unknown lstlisting defaults to 0 on i
nput line 601.
 [17

] [18] [19] [20] [21]
(diagrama/sequence-session.tex) (diagrama/round-states.tex) [22

] [23]
(diagrama/oxybelis-flow.tex) [24

] [25]
Underfull \hbox (badness 6559) in paragraph at lines 933--933
[]\T1/lmr/m/n/12 PlayStation Adap-ta-
 []

[26]
<desarrollo/mo1.png, id=1103, 302.3295pt x 245.11575pt>
File: desarrollo/mo1.png Graphic file (type png)
<use desarrollo/mo1.png>
Package pdftex.def Info: desarrollo/mo1.png  used on input line 946.
(pdftex.def)             Requested size: 169.26363pt x 137.23021pt.
<desarrollo/mo2.png, id=1105, 359.54324pt x 290.2845pt>
File: desarrollo/mo2.png Graphic file (type png)
<use desarrollo/mo2.png>
Package pdftex.def Info: desarrollo/mo2.png  used on input line 952.
(pdftex.def)             Requested size: 169.26363pt x 136.65962pt.
<desarrollo/mo3.png, id=1106, 301.72725pt x 166.221pt>
File: desarrollo/mo3.png Graphic file (type png)
<use desarrollo/mo3.png>
Package pdftex.def Info: desarrollo/mo3.png  used on input line 958.
(pdftex.def)             Requested size: 169.26363pt x 93.24797pt.
<desarrollo/mo4.png, id=1107, 340.27126pt x 277.63725pt>
File: desarrollo/mo4.png Graphic file (type png)
<use desarrollo/mo4.png>
Package pdftex.def Info: desarrollo/mo4.png  used on input line 970.
(pdftex.def)             Requested size: 248.6009pt x 202.84296pt.
<desarrollo/mo5.png, id=1108, 296.90926pt x 234.8775pt>
File: desarrollo/mo5.png Graphic file (type png)
<use desarrollo/mo5.png>
Package pdftex.def Info: desarrollo/mo5.png  used on input line 976.
(pdftex.def)             Requested size: 248.6009pt x 196.66139pt.
 [27 <./desarrollo/mo1.png> <./desarrollo/mo2.png> <./desarrollo/mo3.png>]
<desarrollo/mo6.png, id=1118, 227.6505pt x 208.98074pt>
File: desarrollo/mo6.png Graphic file (type png)
<use desarrollo/mo6.png>
Package pdftex.def Info: desarrollo/mo6.png  used on input line 983.
(pdftex.def)             Requested size: 317.36526pt x 291.36887pt.

[28 <./desarrollo/mo4.png> <./desarrollo/mo5.png> <./desarrollo/mo6.png>]
(diagrama/avistoucan-flow.tex) [29

]
Underfull \hbox (badness 1742) in paragraph at lines 1068--1068
[]$\OML/lmm/m/it/12 dt$\T1/lmr/m/n/12 -based physics in-te-gra-tion; pipe count

 []


Underfull \hbox (badness 10000) in paragraph at lines 1070--1070
[]\T1/lmr/m/n/12 Touchscreen tap in-put via
 []


Underfull \hbox (badness 10000) in paragraph at lines 1072--1072
[]\T1/lmr/m/n/12 Gamepad but-ton in-put via
 []


Underfull \hbox (badness 6559) in paragraph at lines 1074--1074
[]\T1/lmr/m/n/12 PlayStation Adap-ta-
 []


Underfull \hbox (badness 10000) in paragraph at lines 1074--1074
[]\T1/lmr/m/n/12 DualSense and Du-al-Shock in-put via
 []

[30]
<desarrollo/Fm1.png, id=1156, 301.125pt x 242.1045pt>
File: desarrollo/Fm1.png Graphic file (type png)
<use desarrollo/Fm1.png>
Package pdftex.def Info: desarrollo/Fm1.png  used on input line 1086.
(pdftex.def)             Requested size: 169.26363pt x 136.0911pt.
<desarrollo/Fm2.png, id=1157, 360.1455pt x 290.2845pt>
File: desarrollo/Fm2.png Graphic file (type png)
<use desarrollo/Fm2.png>
Package pdftex.def Info: desarrollo/Fm2.png  used on input line 1092.
(pdftex.def)             Requested size: 169.26363pt x 136.42929pt.
<desarrollo/Fm3.png, id=1158, 305.943pt x 163.20975pt>
File: desarrollo/Fm3.png Graphic file (type png)
<use desarrollo/Fm3.png>
Package pdftex.def Info: desarrollo/Fm3.png  used on input line 1098.
(pdftex.def)             Requested size: 169.26363pt x 90.29608pt.
<desarrollo/Fm4.png, id=1159, 338.4645pt x 278.2395pt>
File: desarrollo/Fm4.png Graphic file (type png)
<use desarrollo/Fm4.png>
Package pdftex.def Info: desarrollo/Fm4.png  used on input line 1107.
(pdftex.def)             Requested size: 248.6009pt x 204.36983pt.
<desarrollo/Fm5.png, id=1160, 339.06676pt x 187.902pt>
File: desarrollo/Fm5.png Graphic file (type png)
<use desarrollo/Fm5.png>
Package pdftex.def Info: desarrollo/Fm5.png  used on input line 1113.
(pdftex.def)             Requested size: 248.6009pt x 137.76941pt.
 [31 <./desarrollo/Fm1.png> <./desarrollo/Fm2.png> <./desarrollo/Fm3.png>]
<desarrollo/Fm6.png, id=1170, 278.2395pt x 278.2395pt>
File: desarrollo/Fm6.png Graphic file (type png)
<use desarrollo/Fm6.png>
Package pdftex.def Info: desarrollo/Fm6.png  used on input line 1120.
(pdftex.def)             Requested size: 317.36526pt x 317.38737pt.

[32 <./desarrollo/Fm4.png> <./desarrollo/Fm5.png> <./desarrollo/Fm6.png>]

LaTeX Warning: Command \textdegree invalid in math mode on input line 1134.


LaTeX Warning: Command \textdegree invalid in math mode on input line 1134.

(diagrama/resilio-flow.tex) [33

] [34]
Underfull \hbox (badness 5985) in paragraph at lines 1195--1195
[]\T1/lmr/m/n/12 Paddle move-ment (left/right) and ball
 []


Underfull \hbox (badness 10000) in paragraph at lines 1215--1215
[]\T1/lmr/m/n/12 Touchscreen in-put via
 []


Underfull \hbox (badness 6559) in paragraph at lines 1219--1219
[]\T1/lmr/m/n/12 PlayStation Adap-ta-
 []


Underfull \hbox (badness 10000) in paragraph at lines 1219--1219
[]\T1/lmr/m/n/12 DualSense and Du-al-Shock in-put via
 []

[35]
<desarrollo/R1.png, id=1214, 296.307pt x 242.1045pt>
File: desarrollo/R1.png Graphic file (type png)
<use desarrollo/R1.png>
Package pdftex.def Info: desarrollo/R1.png  used on input line 1231.
(pdftex.def)             Requested size: 169.26363pt x 138.30392pt.
<desarrollo/R12.png, id=1215, 361.35pt x 296.307pt>
File: desarrollo/R12.png Graphic file (type png)
<use desarrollo/R12.png>
Package pdftex.def Info: desarrollo/R12.png  used on input line 1237.
(pdftex.def)             Requested size: 169.26363pt x 138.7941pt.
<desarrollo/R13.png, id=1216, 319.1925pt x 178.86826pt>
File: desarrollo/R13.png Graphic file (type png)
<use desarrollo/R13.png>
Package pdftex.def Info: desarrollo/R13.png  used on input line 1243.
(pdftex.def)             Requested size: 169.26363pt x 94.85158pt.
<desarrollo/R14.png, id=1217, 327.02174pt x 281.25075pt>
File: desarrollo/R14.png Graphic file (type png)
<use desarrollo/R14.png>
Package pdftex.def Info: desarrollo/R14.png  used on input line 1252.
(pdftex.def)             Requested size: 248.6009pt x 213.80856pt.
<desarrollo/R15.png, id=1218, 334.851pt x 168.63pt>
File: desarrollo/R15.png Graphic file (type png)
<use desarrollo/R15.png>
Package pdftex.def Info: desarrollo/R15.png  used on input line 1258.
(pdftex.def)             Requested size: 248.6009pt x 125.19592pt.
 [36 <./desarrollo/R1.png> <./desarrollo/R12.png> <./desarrollo/R13.png>]
<desarrollo/R16.png, id=1228, 272.217pt x 272.217pt>
File: desarrollo/R16.png Graphic file (type png)
<use desarrollo/R16.png>
Package pdftex.def Info: desarrollo/R16.png  used on input line 1265.
(pdftex.def)             Requested size: 317.36526pt x 317.396pt.

[37 <./desarrollo/R14.png> <./desarrollo/R15.png> <./desarrollo/R16.png>]
(diagrama/foxyfruit-flow.tex) [38

] [39]
Underfull \hbox (badness 10000) in paragraph at lines 1365--1365
[]\T1/lmr/m/n/12 Touchscreen in-put via
 []


Underfull \hbox (badness 6559) in paragraph at lines 1369--1369
[]\T1/lmr/m/n/12 PlayStation Adap-ta-
 []


Underfull \hbox (badness 10000) in paragraph at lines 1369--1369
[]\T1/lmr/m/n/12 DualSense and Du-al-Shock in-put via
 []

[40]
<desarrollo/frutimenu.png, id=1271, 310.761pt x 248.127pt>
File: desarrollo/frutimenu.png Graphic file (type png)
<use desarrollo/frutimenu.png>
Package pdftex.def Info: desarrollo/frutimenu.png  used on input line 1381.
(pdftex.def)             Requested size: 169.26363pt x 135.1527pt.
<desarrollo/frutigameplay.png, id=1272, 366.168pt x 304.7385pt>
File: desarrollo/frutigameplay.png Graphic file (type png)
<use desarrollo/frutigameplay.png>
Package pdftex.def Info: desarrollo/frutigameplay.png  used on input line 1387.

(pdftex.def)             Requested size: 169.26363pt x 140.8696pt.
<desarrollo/frutimenu2.png, id=1273, 308.352pt x 166.82326pt>
File: desarrollo/frutimenu2.png Graphic file (type png)
<use desarrollo/frutimenu2.png>
Package pdftex.def Info: desarrollo/frutimenu2.png  used on input line 1393.
(pdftex.def)             Requested size: 169.26363pt x 91.57487pt.
<desarrollo/frutimenuvip1.png, id=1274, 344.487pt x 280.6485pt>
File: desarrollo/frutimenuvip1.png Graphic file (type png)
<use desarrollo/frutimenuvip1.png>
Package pdftex.def Info: desarrollo/frutimenuvip1.png  used on input line 1402.

(pdftex.def)             Requested size: 248.6009pt x 202.52925pt.
<desarrollo/frutimenuvip2.png, id=1275, 343.2825pt x 154.77824pt>
File: desarrollo/frutimenuvip2.png Graphic file (type png)
<use desarrollo/frutimenuvip2.png>
Package pdftex.def Info: desarrollo/frutimenuvip2.png  used on input line 1408.

(pdftex.def)             Requested size: 248.6009pt x 112.08736pt.
 [41 <./desarrollo/frutimenu.png> <./desarrollo/frutigameplay.png> <./desarroll
o/frutimenu2.png>]
<desarrollo/frutiscore.png, id=1285, 263.7855pt x 278.2395pt>
File: desarrollo/frutiscore.png Graphic file (type png)
<use desarrollo/frutiscore.png>
Package pdftex.def Info: desarrollo/frutiscore.png  used on input line 1415.
(pdftex.def)             Requested size: 317.36526pt x 334.75607pt.
 [42 <./desarrollo/frutimenuvip1.png> <./desarrollo/frutimenuvip2.png> <./desar
rollo/frutiscore.png>]
(diagrama/firmamentdefender-flow.tex) [43

] [44]
Underfull \hbox (badness 10000) in paragraph at lines 1516--1516
[]\T1/lmr/m/n/12 Touchscreen in-put via
 []


Underfull \hbox (badness 6559) in paragraph at lines 1520--1520
[]\T1/lmr/m/n/12 PlayStation Adap-ta-
 []


Underfull \hbox (badness 10000) in paragraph at lines 1520--1520
[]\T1/lmr/m/n/12 DualSense and Du-al-Shock in-put via
 []

[45]
<desarrollo/fir1.png, id=1328, 301.125pt x 246.9225pt>
File: desarrollo/fir1.png Graphic file (type png)
<use desarrollo/fir1.png>
Package pdftex.def Info: desarrollo/fir1.png  used on input line 1532.
(pdftex.def)             Requested size: 169.26363pt x 138.79935pt.
<desarrollo/fir0.png, id=1329, 367.3725pt x 289.08pt>
File: desarrollo/fir0.png Graphic file (type png)
<use desarrollo/fir0.png>
Package pdftex.def Info: desarrollo/fir0.png  used on input line 1538.
(pdftex.def)             Requested size: 169.26363pt x 133.19455pt.
<desarrollo/fir3.png, id=1330, 299.31825pt x 170.43675pt>
File: desarrollo/fir3.png Graphic file (type png)
<use desarrollo/fir3.png>
Package pdftex.def Info: desarrollo/fir3.png  used on input line 1544.
(pdftex.def)             Requested size: 169.26363pt x 96.38275pt.
 [46]
<desarrollo/fir4.png, id=1336, 336.0555pt x 286.06876pt>
File: desarrollo/fir4.png Graphic file (type png)
<use desarrollo/fir4.png>
Package pdftex.def Info: desarrollo/fir4.png  used on input line 1553.
(pdftex.def)             Requested size: 248.6009pt x 211.62645pt.
<desarrollo/fir5.png, id=1337, 340.8735pt x 181.8795pt>
File: desarrollo/fir5.png Graphic file (type png)
<use desarrollo/fir5.png>
Package pdftex.def Info: desarrollo/fir5.png  used on input line 1559.
(pdftex.def)             Requested size: 248.6009pt x 132.6488pt.
<desarrollo/fir6.png, id=1338, 274.626pt x 293.29575pt>
File: desarrollo/fir6.png Graphic file (type png)
<use desarrollo/fir6.png>
Package pdftex.def Info: desarrollo/fir6.png  used on input line 1566.
(pdftex.def)             Requested size: 317.36526pt x 338.93886pt.
 [47 <./desarrollo/fir1.png> <./desarrollo/fir0.png> <./desarrollo/fir3.png> <.
/desarrollo/fir4.png> <./desarrollo/fir5.png>] [48 <./desarrollo/fir6.png>] (di
agrama/firmamentsiege-flow.tex) [49

] [50]
Underfull \hbox (badness 10000) in paragraph at lines 1665--1665
[]\T1/lmr/m/n/12 Touchscreen in-put via
 []


Underfull \hbox (badness 6559) in paragraph at lines 1669--1669
[]\T1/lmr/m/n/12 PlayStation Adap-ta-
 []


Underfull \hbox (badness 10000) in paragraph at lines 1669--1669
[]\T1/lmr/m/n/12 DualSense and Du-al-Shock in-put via
 []

<desarrollo/fd1.png, id=1386, 298.11375pt x 240.9pt>
File: desarrollo/fd1.png Graphic file (type png)
<use desarrollo/fd1.png>
Package pdftex.def Info: desarrollo/fd1.png  used on input line 1681.
(pdftex.def)             Requested size: 169.26363pt x 136.77774pt.
<desarrollo/fd2.png, id=1387, 356.532pt x 293.29575pt>
File: desarrollo/fd2.png Graphic file (type png)
<use desarrollo/fd2.png>
Package pdftex.def Info: desarrollo/fd2.png  used on input line 1687.
(pdftex.def)             Requested size: 169.26363pt x 139.24532pt.
<desarrollo/fd3.png, id=1388, 308.352pt x 168.63pt>
File: desarrollo/fd3.png Graphic file (type png)
<use desarrollo/fd3.png>
Package pdftex.def Info: desarrollo/fd3.png  used on input line 1693.
(pdftex.def)             Requested size: 169.26363pt x 92.56667pt.
[51]
<desarrollo/fd4.png, id=1394, 345.08925pt x 293.29575pt>
File: desarrollo/fd4.png Graphic file (type png)
<use desarrollo/fd4.png>
Package pdftex.def Info: desarrollo/fd4.png  used on input line 1702.
(pdftex.def)             Requested size: 248.6009pt x 211.2936pt.
<desarrollo/fd5.png, id=1395, 336.0555pt x 160.80075pt>
File: desarrollo/fd5.png Graphic file (type png)
<use desarrollo/fd5.png>
Package pdftex.def Info: desarrollo/fd5.png  used on input line 1708.
(pdftex.def)             Requested size: 248.6009pt x 118.95633pt.
<desarrollo/fd6.png, id=1396, 391.4625pt x 299.31825pt>
File: desarrollo/fd6.png Graphic file (type png)
<use desarrollo/fd6.png>
Package pdftex.def Info: desarrollo/fd6.png  used on input line 1715.
(pdftex.def)             Requested size: 317.36526pt x 242.67482pt.
 [52 <./desarrollo/fd1.png> <./desarrollo/fd2.png> <./desarrollo/fd3.png> <./de
sarrollo/fd4.png> <./desarrollo/fd5.png>] [53 <./desarrollo/fd6.png>]
(diagrama/juicecutter-flow.tex) [54

] [55]
Underfull \hbox (badness 2828) in paragraph at lines 1808--1808
[]\T1/lmr/m/n/12 Per level goals tracked per fruit kind.
 []


Underfull \hbox (badness 10000) in paragraph at lines 1820--1820
[]\T1/lmr/m/n/12 Touchscreen swipe in-put via
 []


Underfull \hbox (badness 6559) in paragraph at lines 1824--1824
[]\T1/lmr/m/n/12 PlayStation Adap-ta-
 []


Underfull \hbox (badness 10000) in paragraph at lines 1824--1824
[]\T1/lmr/m/n/12 DualSense and Du-al-Shock in-put via
 []

[56]
<desarrollo/j1.png, id=1447, 304.7385pt x 245.11575pt>
File: desarrollo/j1.png Graphic file (type png)
<use desarrollo/j1.png>
Package pdftex.def Info: desarrollo/j1.png  used on input line 1836.
(pdftex.def)             Requested size: 169.26363pt x 136.14557pt.
<desarrollo/j2.png, id=1448, 371.58826pt x 299.31825pt>
File: desarrollo/j2.png Graphic file (type png)
<use desarrollo/j2.png>
Package pdftex.def Info: desarrollo/j2.png  used on input line 1842.
(pdftex.def)             Requested size: 169.26363pt x 136.34529pt.
<desarrollo/j3.png, id=1449, 319.79475pt x 181.27725pt>
File: desarrollo/j3.png Graphic file (type png)
<use desarrollo/j3.png>
Package pdftex.def Info: desarrollo/j3.png  used on input line 1848.
(pdftex.def)             Requested size: 169.26363pt x 95.94923pt.
<desarrollo/j4.png, id=1450, 338.4645pt x 284.262pt>
File: desarrollo/j4.png Graphic file (type png)
<use desarrollo/j4.png>
Package pdftex.def Info: desarrollo/j4.png  used on input line 1857.
(pdftex.def)             Requested size: 248.6009pt x 208.79341pt.
<desarrollo/j5.png, id=1451, 346.896pt x 165.61874pt>
File: desarrollo/j5.png Graphic file (type png)
<use desarrollo/j5.png>
Package pdftex.def Info: desarrollo/j5.png  used on input line 1863.
(pdftex.def)             Requested size: 248.6009pt x 118.68942pt.
 [57 <./desarrollo/j1.png> <./desarrollo/j2.png> <./desarrollo/j3.png>]
<desarrollo/j6.png, id=1461, 295.70474pt x 272.81924pt>
File: desarrollo/j6.png Graphic file (type png)
<use desarrollo/j6.png>
Package pdftex.def Info: desarrollo/j6.png  used on input line 1870.
(pdftex.def)             Requested size: 317.36526pt x 292.81705pt.

[58 <./desarrollo/j4.png> <./desarrollo/j5.png> <./desarrollo/j6.png>]
(diagrama/turriscasei-flow.tex) [59

] [60]
Underfull \hbox (badness 10000) in paragraph at lines 1992--1992
[]\T1/lmr/m/n/12 Touchscreen in-put via
 []


Underfull \hbox (badness 6559) in paragraph at lines 1996--1996
[]\T1/lmr/m/n/12 PlayStation Adap-ta-
 []


Underfull \hbox (badness 10000) in paragraph at lines 1996--1996
[]\T1/lmr/m/n/12 DualSense and Du-al-Shock in-put via
 []

[61]
<desarrollo/tu1.png, id=1515, 304.7385pt x 246.9225pt>
File: desarrollo/tu1.png Graphic file (type png)
<use desarrollo/tu1.png>
Package pdftex.def Info: desarrollo/tu1.png  used on input line 2008.
(pdftex.def)             Requested size: 169.26363pt x 137.1491pt.
<desarrollo/tu2.png, id=1516, 874.467pt x 446.26724pt>
File: desarrollo/tu2.png Graphic file (type png)
<use desarrollo/tu2.png>
Package pdftex.def Info: desarrollo/tu2.png  used on input line 2014.
(pdftex.def)             Requested size: 169.26363pt x 86.37827pt.
<desarrollo/tu3.png, id=1517, 310.15875pt x 199.34476pt>
File: desarrollo/tu3.png Graphic file (type png)
<use desarrollo/tu3.png>
Package pdftex.def Info: desarrollo/tu3.png  used on input line 2020.
(pdftex.def)             Requested size: 169.26363pt x 108.78825pt.
 [62]
<desarrollo/tu4.png, id=1524, 348.1005pt x 299.31825pt>
File: desarrollo/tu4.png Graphic file (type png)
<use desarrollo/tu4.png>
Package pdftex.def Info: desarrollo/tu4.png  used on input line 2029.
(pdftex.def)             Requested size: 248.6009pt x 213.7643pt.
<desarrollo/tu5.png, id=1525, 348.1005pt x 184.89075pt>
File: desarrollo/tu5.png Graphic file (type png)
<use desarrollo/tu5.png>
Package pdftex.def Info: desarrollo/tu5.png  used on input line 2035.
(pdftex.def)             Requested size: 248.6009pt x 132.04352pt.
<desarrollo/tu6.png, id=1526, 316.18124pt x 269.20575pt>
File: desarrollo/tu6.png Graphic file (type png)
<use desarrollo/tu6.png>
Package pdftex.def Info: desarrollo/tu6.png  used on input line 2042.
(pdftex.def)             Requested size: 317.36526pt x 270.23201pt.
 [63 <./desarrollo/tu1.png> <./desarrollo/tu2.png> <./desarrollo/tu3.png> <./de
sarrollo/tu4.png> <./desarrollo/tu5.png>]
<desarrollo/tu7.png, id=1538, 310.15875pt x 253.54726pt>
File: desarrollo/tu7.png Graphic file (type png)
<use desarrollo/tu7.png>
Package pdftex.def Info: desarrollo/tu7.png  used on input line 2050.
(pdftex.def)             Requested size: 248.6009pt x 203.22495pt.
<desarrollo/tu8.png, id=1539, 329.43076pt x 236.082pt>
File: desarrollo/tu8.png Graphic file (type png)
<use desarrollo/tu8.png>
Package pdftex.def Info: desarrollo/tu8.png  used on input line 2055.
(pdftex.def)             Requested size: 248.6009pt x 178.15976pt.
<desarrollo/tu9.png, id=1540, 744.98325pt x 425.1885pt>
File: desarrollo/tu9.png Graphic file (type png)
<use desarrollo/tu9.png>
Package pdftex.def Info: desarrollo/tu9.png  used on input line 2060.
(pdftex.def)             Requested size: 248.6009pt x 141.88269pt.
<desarrollo/tu10.png, id=1541, 873.86475pt x 446.8695pt>
File: desarrollo/tu10.png Graphic file (type png)
<use desarrollo/tu10.png>
Package pdftex.def Info: desarrollo/tu10.png  used on input line 2065.
(pdftex.def)             Requested size: 248.6009pt x 127.12729pt.
 [64 <./desarrollo/tu6.png> <./desarrollo/tu7.png> <./desarrollo/tu8.png> <./de
sarrollo/tu9.png> <./desarrollo/tu10.png>] (diagrama/tapandhold-flow.tex) [65

] [66]
Underfull \hbox (badness 10000) in paragraph at lines 2171--2171
[]\T1/lmr/m/n/12 Parabolic Jump
 []


Underfull \hbox (badness 2418) in paragraph at lines 2171--2171
[]\T1/lmr/m/n/12 Hold time con-verted to for-ward ($\OMS/lmsy/m/n/12 ^^B\OT1/lm
r/m/n/12 2\OML/lmm/m/it/12 :\OT1/lmr/m/n/12 2$\T1/lmr/m/n/12 )
 []


Underfull \hbox (badness 2189) in paragraph at lines 2193--2193
[]\T1/lmr/m/n/12 Touchscreen hold and re-lease in-put via
 []


Underfull \hbox (badness 10000) in paragraph at lines 2195--2195
[]\T1/lmr/m/n/12 Gamepad but-ton hold via
 []


Underfull \hbox (badness 6559) in paragraph at lines 2197--2197
[]\T1/lmr/m/n/12 PlayStation Adap-ta-
 []

[67]
<desarrollo/tap1.png, id=1602, 305.943pt x 254.1495pt>
File: desarrollo/tap1.png Graphic file (type png)
<use desarrollo/tap1.png>
Package pdftex.def Info: desarrollo/tap1.png  used on input line 2209.
(pdftex.def)             Requested size: 169.26363pt x 140.60867pt.
<desarrollo/tap2.png, id=1603, 903.97725pt x 374.5995pt>
File: desarrollo/tap2.png Graphic file (type png)
<use desarrollo/tap2.png>
Package pdftex.def Info: desarrollo/tap2.png  used on input line 2215.
(pdftex.def)             Requested size: 169.26363pt x 70.14006pt.
<desarrollo/tap3.png, id=1604, 301.125pt x 192.72pt>
File: desarrollo/tap3.png Graphic file (type png)
<use desarrollo/tap3.png>
Package pdftex.def Info: desarrollo/tap3.png  used on input line 2221.
(pdftex.def)             Requested size: 169.26363pt x 108.3312pt.
 [68]
<desarrollo/tap4.png, id=1611, 344.487pt x 286.06876pt>
File: desarrollo/tap4.png Graphic file (type png)
<use desarrollo/tap4.png>
Package pdftex.def Info: desarrollo/tap4.png  used on input line 2230.
(pdftex.def)             Requested size: 248.6009pt x 206.44077pt.
<desarrollo/tap5.png, id=1612, 335.45325pt x 175.857pt>
File: desarrollo/tap5.png Graphic file (type png)
<use desarrollo/tap5.png>
Package pdftex.def Info: desarrollo/tap5.png  used on input line 2236.
(pdftex.def)             Requested size: 248.6009pt x 130.3307pt.
<desarrollo/tap6.png, id=1613, 299.31825pt x 238.491pt>
File: desarrollo/tap6.png Graphic file (type png)
<use desarrollo/tap6.png>
Package pdftex.def Info: desarrollo/tap6.png  used on input line 2243.
(pdftex.def)             Requested size: 317.36526pt x 252.87202pt.
 [69 <./desarrollo/tap1.png> <./desarrollo/tap2.png> <./desarrollo/tap3.png> <.
/desarrollo/tap4.png> <./desarrollo/tap5.png>]
<desarrollo/tap7.png, id=1625, 310.761pt x 233.673pt>
File: desarrollo/tap7.png Graphic file (type png)
<use desarrollo/tap7.png>
Package pdftex.def Info: desarrollo/tap7.png  used on input line 2251.
(pdftex.def)             Requested size: 169.26363pt x 127.27972pt.
<desarrollo/tap8.png, id=1626, 699.8145pt x 337.26pt>
File: desarrollo/tap8.png Graphic file (type png)
<use desarrollo/tap8.png>
Package pdftex.def Info: desarrollo/tap8.png  used on input line 2256.
(pdftex.def)             Requested size: 169.26363pt x 81.57188pt.
<desarrollo/tap9.png, id=1627, 895.54575pt x 341.47575pt>
File: desarrollo/tap9.png Graphic file (type png)
<use desarrollo/tap9.png>
Package pdftex.def Info: desarrollo/tap9.png  used on input line 2261.
(pdftex.def)             Requested size: 169.26363pt x 64.53717pt.
 [70 <./desarrollo/tap6.png> <./desarrollo/tap7.png> <./desarrollo/tap8.png> <.
/desarrollo/tap9.png>]
(diagrama/imnotasphere-flow.tex) [71

] [72] [73]
Underfull \hbox (badness 1424) in paragraph at lines 2379--2379
[]\T1/lmr/m/n/12 Custom Physics En-
 []


Underfull \hbox (badness 1226) in paragraph at lines 2381--2381
\T1/lmr/m/n/12 ing plat-forms, el-e-va-tors, col-lectibles, kill
 []


Underfull \hbox (badness 10000) in paragraph at lines 2403--2403
[]\T1/lmr/m/n/12 Touchscreen in-put via
 []


Underfull \hbox (badness 6559) in paragraph at lines 2407--2407
[]\T1/lmr/m/n/12 PlayStation Adap-ta-
 []


Underfull \hbox (badness 10000) in paragraph at lines 2407--2407
[]\T1/lmr/m/n/12 DualSense and Du-al-Shock in-put via
 []

[74]
<desarrollo/s1.png, id=1701, 310.761pt x 248.72925pt>
File: desarrollo/s1.png Graphic file (type png)
<use desarrollo/s1.png>
Package pdftex.def Info: desarrollo/s1.png  used on input line 2419.
(pdftex.def)             Requested size: 169.26363pt x 135.48074pt.
<desarrollo/s2.png, id=1702, 913.61325pt x 389.0535pt>
File: desarrollo/s2.png Graphic file (type png)
<use desarrollo/s2.png>
Package pdftex.def Info: desarrollo/s2.png  used on input line 2425.
(pdftex.def)             Requested size: 169.26363pt x 72.07468pt.
<desarrollo/s3.png, id=1703, 314.3745pt x 205.36725pt>
File: desarrollo/s3.png Graphic file (type png)
<use desarrollo/s3.png>
Package pdftex.def Info: desarrollo/s3.png  used on input line 2431.
(pdftex.def)             Requested size: 169.26363pt x 110.57703pt.
 [75]
<desarrollo/s4.png, id=1709, 351.11176pt x 302.3295pt>
File: desarrollo/s4.png Graphic file (type png)
<use desarrollo/s4.png>
Package pdftex.def Info: desarrollo/s4.png  used on input line 2440.
(pdftex.def)             Requested size: 248.6009pt x 214.06033pt.
<desarrollo/s5.png, id=1710, 347.49825pt x 191.5155pt>
File: desarrollo/s5.png Graphic file (type png)
<use desarrollo/s5.png>
Package pdftex.def Info: desarrollo/s5.png  used on input line 2446.
(pdftex.def)             Requested size: 248.6009pt x 137.01434pt.
<desarrollo/s6.png, id=1711, 314.3745pt x 251.7405pt>
File: desarrollo/s6.png Graphic file (type png)
<use desarrollo/s6.png>
Package pdftex.def Info: desarrollo/s6.png  used on input line 2453.
(pdftex.def)             Requested size: 317.36526pt x 254.156pt.
 [76 <./desarrollo/s1.png> <./desarrollo/s2.png> <./desarrollo/s3.png> <./desar
rollo/s4.png> <./desarrollo/s5.png>]
<desarrollo/s7.png, id=1723, 316.7835pt x 244.5135pt>
File: desarrollo/s7.png Graphic file (type png)
<use desarrollo/s7.png>
Package pdftex.def Info: desarrollo/s7.png  used on input line 2461.
(pdftex.def)             Requested size: 169.26363pt x 130.64738pt.
<desarrollo/s8.png, id=1724, 741.972pt x 335.45325pt>
File: desarrollo/s8.png Graphic file (type png)
<use desarrollo/s8.png>
Package pdftex.def Info: desarrollo/s8.png  used on input line 2466.
(pdftex.def)             Requested size: 169.26363pt x 76.52303pt.
<desarrollo/s9.png, id=1725, 913.011pt x 393.26926pt>
File: desarrollo/s9.png Graphic file (type png)
<use desarrollo/s9.png>
Package pdftex.def Info: desarrollo/s9.png  used on input line 2471.
(pdftex.def)             Requested size: 169.26363pt x 72.90369pt.
 [77 <./desarrollo/s6.png> <./desarrollo/s7.png> <./desarrollo/s8.png> <./desar
rollo/s9.png>]
Overfull \hbox (12.27336pt too wide) in paragraph at lines 2490--2491
\T1/lmr/m/n/12 De-fender, Fir-ma-ment Siege, and Juice Cut-ter all re-port to t
he shared \T1/lmtt/m/n/12 UniversalLeaderboardModule\T1/lmr/m/n/12 ,
 []

(diagrama/scoretable-states.tex) [78

]
Overfull \hbox (4.10843pt too wide) in paragraph at lines 2512--2513
[]\T1/lmr/bx/n/12 Leaderboard Client \T1/lmr/m/n/12 (Lo-calScript in Starter-Pl
ay-er-Scripts): lis-tens for the \T1/lmtt/m/n/12 Update...Leaderboard
 []

[79]
Overfull \hbox (5.70886pt too wide) in paragraph at lines 2567--2567
[]\T1/lmr/m/n/10 UpdateUniversalLeaderboard| 
 []


Overfull \hbox (14.8005pt too wide) in paragraph at lines 2567--2568
[]\T1/lmr/m/n/10 UniversalLeaderboardModule| 
 []


Overfull \hbox (5.70886pt too wide) in paragraph at lines 2569--2569
[]\T1/lmr/m/n/10 UpdateUniversalLeaderboard| 
 []


Overfull \hbox (14.8005pt too wide) in paragraph at lines 2569--2570
[]\T1/lmr/m/n/10 UniversalLeaderboardModule| 
 []


Overfull \hbox (5.70886pt too wide) in paragraph at lines 2571--2571
[]\T1/lmr/m/n/10 UpdateUniversalLeaderboard| 
 []


Overfull \hbox (14.8005pt too wide) in paragraph at lines 2571--2572
[]\T1/lmr/m/n/10 UniversalLeaderboardModule| 
 []


Overfull \hbox (5.70886pt too wide) in paragraph at lines 2573--2573
[]\T1/lmr/m/n/10 UpdateUniversalLeaderboard| 
 []


Overfull \hbox (14.8005pt too wide) in paragraph at lines 2573--2574
[]\T1/lmr/m/n/10 UniversalLeaderboardModule| 
 []


Underfull \hbox (badness 10000) in paragraph at lines 2575--2575
[]\T1/lmr/m/n/10 Firmament De-
 []


Overfull \hbox (5.70886pt too wide) in paragraph at lines 2575--2575
[]\T1/lmr/m/n/10 UpdateUniversalLeaderboard| 
 []


Overfull \hbox (14.8005pt too wide) in paragraph at lines 2575--2576
[]\T1/lmr/m/n/10 UniversalLeaderboardModule| 
 []


Overfull \hbox (5.70886pt too wide) in paragraph at lines 2577--2577
[]\T1/lmr/m/n/10 UpdateUniversalLeaderboard| 
 []


Overfull \hbox (14.8005pt too wide) in paragraph at lines 2577--2578
[]\T1/lmr/m/n/10 UniversalLeaderboardModule| 
 []


Overfull \hbox (5.70886pt too wide) in paragraph at lines 2579--2579
[]\T1/lmr/m/n/10 UpdateUniversalLeaderboard| 
 []


Overfull \hbox (14.8005pt too wide) in paragraph at lines 2579--2580
[]\T1/lmr/m/n/10 UniversalLeaderboardModule| 
 []


Overfull \hbox (14.68048pt too wide) in paragraph at lines 2581--2581
[]\T1/lmr/m/n/10 UpdateTurrisCaseiLeaderboard| 
 []


Overfull \hbox (21.18039pt too wide) in paragraph at lines 2583--2583
[]\T1/lmr/m/n/10 UpdateTapAndHoldLeaderboard| 
 []


Overfull \hbox (30.09715pt too wide) in paragraph at lines 2585--2585
[]\T1/lmr/m/n/10 UpdateImNotASphereLeaderboard| 
 []


Overfull \hbox (6.41077pt too wide) in paragraph at lines 2585--2586
[]\T1/lmr/m/n/10 ImNotASphereLeaderboard| 
 []

[80] (diagrama/menu-states.tex) [81

] (diagrama/controller-states.tex) [82]
Overfull \hbox (62.26054pt too wide) in paragraph at lines 2673--2674
\T1/lmr/m/n/12 Each game has a ded-i-cated bind func-tion that reg-is-ters its 
key-board and gamepad ac-tions via \T1/lmtt/m/n/12 ContextActionService
 []


Overfull \hbox (17.16347pt too wide) in paragraph at lines 2673--2674
\T1/lmr/m/n/12 and, on touch de-vices, spawns the match-ing on screen con-trols
. When a new game starts, \T1/lmtt/m/n/12 LimpiarControles
 []


Underfull \hbox (badness 10000) in paragraph at lines 2692--2692
[]\T1/lmr/m/n/10 Firmament (De-
 []

[83] (diagrama/sequence-multiplayer.tex) [84] [85] (diagrama/analytics-dfd.tex)
[86

] [87] [88]
Overfull \hbox (6.02713pt too wide) in paragraph at lines 2875--2876
[]\T1/lmtt/m/n/12 AnalyticsModule \T1/lmr/m/n/12 up-dates the per game ag-gre-g
ate and per player log in Data-S-tore via \T1/lmtt/m/n/12 UpdateAsync\T1/lmr/m/
n/12 ,
 []

[89] (main.aux)
 ***********
LaTeX2e <2025-11-01>
L3 programming layer <2025-12-24>
 ***********
Package rerunfilecheck Info: File `main.out' has not changed.
(rerunfilecheck)             Checksum: A9389661B45B1218D55381949590FB1F;22145.
 ) 
Here is how much of TeX's memory you used:
 40678 strings out of 467871
 933675 string characters out of 5418377
 1627254 words of memory out of 5000000
 68041 multiletter control sequences out of 15000+600000
 712479 words of font info for 96 fonts, out of 8000000 for 9000
 1141 hyphenation exceptions out of 8191
 84i,19n,104p,888b,2357s stack positions out of 10000i,1000n,20000p,200000b,200000s
<C:/Users/lilit/AppData/Local/Programs/MiKTeX/fonts/type1/public/lm/lmbx10.pf
b><C:/Users/lilit/AppData/Local/Programs/MiKTeX/fonts/type1/public/lm/lmbx12.pf
b><C:/Users/lilit/AppData/Local/Programs/MiKTeX/fonts/type1/public/lm/lmbx8.pfb
><C:/Users/lilit/AppData/Local/Programs/MiKTeX/fonts/type1/public/lm/lmmi10.pfb
><C:/Users/lilit/AppData/Local/Programs/MiKTeX/fonts/type1/public/lm/lmmi12.pfb
><C:/Users/lilit/AppData/Local/Programs/MiKTeX/fonts/type1/public/lm/lmmi8.pfb>
<C:/Users/lilit/AppData/Local/Programs/MiKTeX/fonts/type1/public/lm/lmr10.pfb><
C:/Users/lilit/AppData/Local/Programs/MiKTeX/fonts/type1/public/lm/lmr12.pfb><C
:/Users/lilit/AppData/Local/Programs/MiKTeX/fonts/type1/public/lm/lmr17.pfb><C:
/Users/lilit/AppData/Local/Programs/MiKTeX/fonts/type1/public/lm/lmr8.pfb><C:/U
sers/lilit/AppData/Local/Programs/MiKTeX/fonts/type1/public/lm/lmri12.pfb><C:/U
sers/lilit/AppData/Local/Programs/MiKTeX/fonts/type1/public/lm/lmri8.pfb><C:/Us
ers/lilit/AppData/Local/Programs/MiKTeX/fonts/type1/public/lm/lmsy10.pfb><C:/Us
ers/lilit/AppData/Local/Programs/MiKTeX/fonts/type1/public/lm/lmsy8.pfb><C:/Use
rs/lilit/AppData/Local/Programs/MiKTeX/fonts/type1/public/lm/lmtt10.pfb><C:/Use
rs/lilit/AppData/Local/Programs/MiKTeX/fonts/type1/public/lm/lmtt12.pfb><C:/Use
rs/lilit/AppData/Local/Programs/MiKTeX/fonts/type1/public/lm/lmtt8.pfb>
Output written on main.pdf (94 pages, 6044341 bytes).
PDF statistics:
 2118 PDF objects out of 2487 (max. 8388607)
 843 named destinations out of 1000 (max. 500000)
 1467 words of extra memory for PDF output out of 10000 (max. 10000000)

