\BOOKMARK [0][-]{part.1}{\376\377\000I\000\040\000G\000a\000m\000e\000\040\000D\000e\000s\000i\000g\000n}{}% 1
\BOOKMARK [1][-]{section.1}{\376\377\000G\000e\000n\000e\000r\000a\000l\000\040\000S\000u\000m\000m\000a\000r\000y}{part.1}% 2
\BOOKMARK [2][-]{subsection.1.1}{\376\377\000G\000a\000m\000e\000\040\000T\000i\000t\000l\000e}{section.1}% 3
\BOOKMARK [2][-]{subsection.1.2}{\376\377\000E\000l\000e\000v\000a\000t\000o\000r\000\040\000P\000i\000t\000c\000h}{section.1}% 4
\BOOKMARK [2][-]{subsection.1.3}{\376\377\000G\000e\000n\000r\000e}{section.1}% 5
\BOOKMARK [2][-]{subsection.1.4}{\376\377\000P\000l\000a\000t\000f\000o\000r\000m\000s}{section.1}% 6
\BOOKMARK [2][-]{subsection.1.5}{\376\377\000T\000a\000r\000g\000e\000t\000\040\000A\000u\000d\000i\000e\000n\000c\000e}{section.1}% 7
\BOOKMARK [1][-]{section.2}{\376\377\000G\000a\000m\000e\000\040\000C\000o\000n\000c\000e\000p\000t}{part.1}% 8
\BOOKMARK [2][-]{subsection.2.1}{\376\377\000M\000a\000i\000n\000\040\000M\000e\000c\000h\000a\000n\000i\000c\000s}{section.2}% 9
\BOOKMARK [1][-]{section.3}{\376\377\000A\000r\000t\000\040\000S\000t\000y\000l\000e}{part.1}% 10
\BOOKMARK [2][-]{subsection.3.1}{\376\377\000T\000h\000e\000\040\000S\000h\000a\000r\000e\000d\000\040\000B\000u\000i\000l\000d\000i\000n\000g\000\040\000S\000t\000y\000l\000e}{section.3}% 11
\BOOKMARK [2][-]{subsection.3.2}{\376\377\000H\000o\000w\000\040\000E\000a\000c\000h\000\040\000B\000u\000i\000l\000d\000i\000n\000g\000\040\000I\000s\000\040\000R\000e\000c\000o\000g\000n\000i\000z\000e\000d}{section.3}% 12
\BOOKMARK [2][-]{subsection.3.3}{\376\377\000T\000h\000e\000\040\000S\000i\000g\000n\000\040\000o\000f\000\040\000E\000a\000c\000h\000\040\000B\000u\000i\000l\000d\000i\000n\000g}{section.3}% 13
\BOOKMARK [2][-]{subsection.3.4}{\376\377\000P\000a\000l\000e\000t\000t\000e\000\040\000a\000n\000d\000\040\000D\000e\000c\000o\000r\000a\000t\000i\000o\000n\000\040\000o\000f\000\040\000E\000a\000c\000h\000\040\000B\000u\000i\000l\000d\000i\000n\000g}{section.3}% 14
\BOOKMARK [1][-]{section.4}{\376\377\000M\000u\000s\000i\000c\000\040\000a\000n\000d\000\040\000S\000o\000u\000n\000d}{part.1}% 15
\BOOKMARK [2][-]{subsection.4.1}{\376\377\000E\000n\000v\000i\000r\000o\000n\000m\000e\000n\000t\000\040\000M\000u\000s\000i\000c\000\040\000a\000n\000d\000\040\000S\000o\000u\000n\000d\000s}{section.4}% 16
\BOOKMARK [1][-]{section.5}{\376\377\000G\000a\000m\000e\000\040\000F\000e\000a\000t\000u\000r\000e\000s}{part.1}% 17
\BOOKMARK [2][-]{subsection.5.1}{\376\377\000P\000l\000a\000y\000e\000r\000\040\000A\000c\000t\000i\000o\000n\000s}{section.5}% 18
\BOOKMARK [2][-]{subsection.5.2}{\376\377\000S\000c\000e\000n\000a\000r\000i\000o\000s\000\040\000a\000n\000d\000\040\000E\000n\000v\000i\000r\000o\000n\000m\000e\000n\000t\000s}{section.5}% 19
\BOOKMARK [2][-]{subsection.5.3}{\376\377\000D\000e\000a\000t\000h\000\040\000a\000n\000d\000\040\000R\000e\000s\000t\000a\000r\000t\000\040\000S\000y\000s\000t\000e\000m}{section.5}% 20
\BOOKMARK [3][-]{subsubsection.5.3.1}{\376\377\000W\000a\000y\000s\000\040\000t\000o\000\040\000D\000i\000e}{subsection.5.3}% 21
\BOOKMARK [3][-]{subsubsection.5.3.2}{\376\377\000R\000e\000s\000t\000a\000r\000t\000\040\000S\000y\000s\000t\000e\000m}{subsection.5.3}% 22
\BOOKMARK [2][-]{subsection.5.4}{\376\377\000M\000u\000l\000t\000i\000p\000l\000a\000t\000f\000o\000r\000m}{section.5}% 23
\BOOKMARK [1][-]{section.6}{\376\377\000L\000e\000v\000e\000l\000\040\000D\000e\000s\000i\000g\000n}{part.1}% 24
\BOOKMARK [2][-]{subsection.6.1}{\376\377\000D\000e\000s\000c\000r\000i\000p\000t\000i\000o\000n}{section.6}% 25
\BOOKMARK [2][-]{subsection.6.2}{\376\377\000M\000a\000p\000s\000\040\000a\000n\000d\000\040\000S\000c\000h\000e\000m\000e\000s}{section.6}% 26
\BOOKMARK [0][-]{part.2}{\376\377\000I\000I\000\040\000E\000n\000g\000i\000n\000e\000e\000r\000i\000n\000g\000,\000\040\000P\000r\000o\000d\000u\000c\000t\000i\000o\000n\000\040\000a\000n\000d\000\040\000L\000a\000u\000n\000c\000h}{}% 27
\BOOKMARK [1][-]{section.7}{\376\377\000T\000e\000c\000h\000n\000i\000c\000a\000l\000\040\000D\000e\000s\000i\000g\000n}{part.2}% 28
\BOOKMARK [2][-]{subsection.7.1}{\376\377\000G\000a\000m\000e\000\040\000E\000n\000g\000i\000n\000e}{section.7}% 29
\BOOKMARK [2][-]{subsection.7.2}{\376\377\000D\000e\000v\000e\000l\000o\000p\000m\000e\000n\000t\000\040\000S\000c\000h\000e\000d\000u\000l\000e}{section.7}% 30
\BOOKMARK [2][-]{subsection.7.3}{\376\377\000O\000p\000t\000i\000m\000i\000z\000a\000t\000i\000o\000n}{section.7}% 31
\BOOKMARK [2][-]{subsection.7.4}{\376\377\000S\000y\000s\000t\000e\000m\000\040\000R\000e\000q\000u\000i\000r\000e\000m\000e\000n\000t\000s}{section.7}% 32
\BOOKMARK [3][-]{subsubsection.7.4.1}{\376\377\000P\000C}{subsection.7.4}% 33
\BOOKMARK [3][-]{subsubsection.7.4.2}{\376\377\000M\000o\000b\000i\000l\000e\000\040\000\050\000A\000n\000d\000r\000o\000i\000d\000\040\000a\000n\000d\000\040\000i\000O\000S\000\051}{subsection.7.4}% 34
\BOOKMARK [3][-]{subsubsection.7.4.3}{\376\377\000X\000b\000o\000x\000\040\000S\000e\000r\000i\000e\000s\000\040\000S\000/\000X}{subsection.7.4}% 35
\BOOKMARK [3][-]{subsubsection.7.4.4}{\376\377\000P\000l\000a\000y\000S\000t\000a\000t\000i\000o\000n}{subsection.7.4}% 36
\BOOKMARK [2][-]{subsection.7.5}{\376\377\000T\000e\000s\000t\000i\000n\000g\000\040\000a\000n\000d\000\040\000Q\000A}{section.7}% 37
\BOOKMARK [1][-]{section.8}{\376\377\000M\000a\000r\000k\000e\000t\000i\000n\000g\000\040\000P\000l\000a\000n}{part.2}% 38
\BOOKMARK [2][-]{subsection.8.1}{\376\377\000M\000o\000n\000e\000t\000i\000z\000a\000t\000i\000o\000n}{section.8}% 39
\BOOKMARK [2][-]{subsection.8.2}{\376\377\000M\000a\000r\000k\000e\000t\000i\000n\000g\000\040\000S\000t\000r\000a\000t\000e\000g\000y}{section.8}% 40
\BOOKMARK [3][-]{subsubsection.8.2.1}{\376\377\000C\000h\000a\000n\000n\000e\000l\000s}{subsection.8.2}% 41
\BOOKMARK [3][-]{subsubsection.8.2.2}{\376\377\000C\000o\000n\000t\000e\000n\000t\000\040\000P\000l\000a\000n}{subsection.8.2}% 42
\BOOKMARK [3][-]{subsubsection.8.2.3}{\376\377\000R\000o\000l\000l\000o\000u\000t\000\040\000P\000h\000a\000s\000e\000s}{subsection.8.2}% 43
\BOOKMARK [2][-]{subsection.8.3}{\376\377\000W\000h\000y\000\040\000T\000h\000i\000s\000\040\000F\000i\000t\000s\000\040\000t\000h\000e\000\040\000A\000u\000d\000i\000e\000n\000c\000e}{section.8}% 44
\BOOKMARK [0][-]{part.3}{\376\377\000I\000I\000I\000\040\000T\000e\000c\000h\000n\000i\000c\000a\000l\000\040\000I\000m\000p\000l\000e\000m\000e\000n\000t\000a\000t\000i\000o\000n}{}% 45
\BOOKMARK [1][-]{section.9}{\376\377\000S\000y\000s\000t\000e\000m\000\040\000A\000r\000c\000h\000i\000t\000e\000c\000t\000u\000r\000e\000\040\000O\000v\000e\000r\000v\000i\000e\000w}{part.3}% 46
\BOOKMARK [1][-]{section.10}{\376\377\000R\000o\000b\000l\000o\000x\000\040\000S\000t\000r\000u\000c\000t\000u\000r\000e}{part.3}% 47
\BOOKMARK [1][-]{section.11}{\376\377\000C\000o\000d\000i\000n\000g\000\040\000i\000n\000\040\000R\000o\000b\000l\000o\000x\000\040\000b\000y\000\040\000G\000a\000m\000e\000\040\000T\000y\000p\000e}{part.3}% 48
\BOOKMARK [2][-]{subsection.11.1}{\376\377\000O\000x\000y\000b\000e\000l\000i\000s}{section.11}% 49
\BOOKMARK [3][-]{subsubsection.11.1.1}{\376\377\000R\000u\000l\000e\000s\000\040\000o\000f\000\040\000O\000x\000y\000b\000e\000l\000i\000s}{subsection.11.1}% 50
\BOOKMARK [3][-]{subsubsection.11.1.2}{\376\377\000P\000r\000o\000j\000e\000c\000t\000\040\000S\000t\000r\000u\000c\000t\000u\000r\000e}{subsection.11.1}% 51
\BOOKMARK [3][-]{subsubsection.11.1.3}{\376\377\000T\000i\000m\000e\000\040\000C\000o\000m\000p\000l\000e\000x\000i\000t\000y}{subsection.11.1}% 52
\BOOKMARK [3][-]{subsubsection.11.1.4}{\376\377\000S\000p\000a\000c\000e\000\040\000C\000o\000m\000p\000l\000e\000x\000i\000t\000y}{subsection.11.1}% 53
\BOOKMARK [3][-]{subsubsection.11.1.5}{\376\377\000G\000a\000m\000e\000\040\000F\000e\000a\000t\000u\000r\000e\000s\000\040\000a\000n\000d\000\040\000I\000m\000p\000l\000e\000m\000e\000n\000t\000a\000t\000i\000o\000n\000\040\000S\000t\000a\000t\000u\000s}{subsection.11.1}% 54
\BOOKMARK [3][-]{subsubsection.11.1.6}{\376\377\000G\000a\000m\000e\000\040\000R\000e\000s\000u\000l\000t\000s}{subsection.11.1}% 55
\BOOKMARK [3][-]{subsubsection.11.1.7}{\376\377\000V\000I\000P\000\040\000a\000n\000d\000\040\000G\000l\000o\000b\000a\000l\000\040\000S\000c\000o\000r\000e\000s}{subsection.11.1}% 56
\BOOKMARK [2][-]{subsection.11.2}{\376\377\000A\000v\000i\000s\000\040\000T\000o\000u\000c\000a\000n}{section.11}% 57
\BOOKMARK [3][-]{subsubsection.11.2.1}{\376\377\000R\000u\000l\000e\000s\000\040\000o\000f\000\040\000A\000v\000i\000s\000\040\000T\000o\000u\000c\000a\000n}{subsection.11.2}% 58
\BOOKMARK [3][-]{subsubsection.11.2.2}{\376\377\000P\000r\000o\000j\000e\000c\000t\000\040\000S\000t\000r\000u\000c\000t\000u\000r\000e}{subsection.11.2}% 59
\BOOKMARK [3][-]{subsubsection.11.2.3}{\376\377\000T\000i\000m\000e\000\040\000C\000o\000m\000p\000l\000e\000x\000i\000t\000y}{subsection.11.2}% 60
\BOOKMARK [3][-]{subsubsection.11.2.4}{\376\377\000S\000p\000a\000c\000e\000\040\000C\000o\000m\000p\000l\000e\000x\000i\000t\000y}{subsection.11.2}% 61
\BOOKMARK [3][-]{subsubsection.11.2.5}{\376\377\000G\000a\000m\000e\000\040\000F\000e\000a\000t\000u\000r\000e\000s\000\040\000a\000n\000d\000\040\000I\000m\000p\000l\000e\000m\000e\000n\000t\000a\000t\000i\000o\000n\000\040\000S\000t\000a\000t\000u\000s}{subsection.11.2}% 62
\BOOKMARK [3][-]{subsubsection.11.2.6}{\376\377\000G\000a\000m\000e\000\040\000R\000e\000s\000u\000l\000t\000s}{subsection.11.2}% 63
\BOOKMARK [2][-]{subsection.11.3}{\376\377\000R\000e\000s\000i\000l\000i\000o}{section.11}% 64
\BOOKMARK [3][-]{subsubsection.11.3.1}{\376\377\000R\000u\000l\000e\000s\000\040\000o\000f\000\040\000R\000e\000s\000i\000l\000i\000o}{subsection.11.3}% 65
\BOOKMARK [3][-]{subsubsection.11.3.2}{\376\377\000P\000r\000o\000j\000e\000c\000t\000\040\000S\000t\000r\000u\000c\000t\000u\000r\000e}{subsection.11.3}% 66
\BOOKMARK [3][-]{subsubsection.11.3.3}{\376\377\000T\000i\000m\000e\000\040\000C\000o\000m\000p\000l\000e\000x\000i\000t\000y}{subsection.11.3}% 67
\BOOKMARK [3][-]{subsubsection.11.3.4}{\376\377\000S\000p\000a\000c\000e\000\040\000C\000o\000m\000p\000l\000e\000x\000i\000t\000y}{subsection.11.3}% 68
\BOOKMARK [3][-]{subsubsection.11.3.5}{\376\377\000G\000a\000m\000e\000\040\000F\000e\000a\000t\000u\000r\000e\000s\000\040\000a\000n\000d\000\040\000I\000m\000p\000l\000e\000m\000e\000n\000t\000a\000t\000i\000o\000n\000\040\000S\000t\000a\000t\000u\000s}{subsection.11.3}% 69
\BOOKMARK [3][-]{subsubsection.11.3.6}{\376\377\000G\000a\000m\000e\000\040\000R\000e\000s\000u\000l\000t\000s}{subsection.11.3}% 70
\BOOKMARK [2][-]{subsection.11.4}{\376\377\000F\000o\000x\000y\000\040\000F\000r\000u\000i\000t}{section.11}% 71
\BOOKMARK [3][-]{subsubsection.11.4.1}{\376\377\000R\000u\000l\000e\000s\000\040\000o\000f\000\040\000F\000o\000x\000y\000\040\000F\000r\000u\000i\000t}{subsection.11.4}% 72
\BOOKMARK [3][-]{subsubsection.11.4.2}{\376\377\000P\000r\000o\000j\000e\000c\000t\000\040\000S\000t\000r\000u\000c\000t\000u\000r\000e}{subsection.11.4}% 73
\BOOKMARK [3][-]{subsubsection.11.4.3}{\376\377\000T\000i\000m\000e\000\040\000C\000o\000m\000p\000l\000e\000x\000i\000t\000y}{subsection.11.4}% 74
\BOOKMARK [3][-]{subsubsection.11.4.4}{\376\377\000S\000p\000a\000c\000e\000\040\000C\000o\000m\000p\000l\000e\000x\000i\000t\000y}{subsection.11.4}% 75
\BOOKMARK [3][-]{subsubsection.11.4.5}{\376\377\000G\000a\000m\000e\000\040\000F\000e\000a\000t\000u\000r\000e\000s\000\040\000a\000n\000d\000\040\000I\000m\000p\000l\000e\000m\000e\000n\000t\000a\000t\000i\000o\000n\000\040\000S\000t\000a\000t\000u\000s}{subsection.11.4}% 76
\BOOKMARK [3][-]{subsubsection.11.4.6}{\376\377\000G\000a\000m\000e\000\040\000R\000e\000s\000u\000l\000t\000s}{subsection.11.4}% 77
\BOOKMARK [2][-]{subsection.11.5}{\376\377\000F\000i\000r\000m\000a\000m\000e\000n\000t\000\040\000D\000e\000f\000e\000n\000d\000e\000r}{section.11}% 78
\BOOKMARK [3][-]{subsubsection.11.5.1}{\376\377\000R\000u\000l\000e\000s\000\040\000o\000f\000\040\000F\000i\000r\000m\000a\000m\000e\000n\000t\000\040\000D\000e\000f\000e\000n\000d\000e\000r}{subsection.11.5}% 79
\BOOKMARK [3][-]{subsubsection.11.5.2}{\376\377\000P\000r\000o\000j\000e\000c\000t\000\040\000S\000t\000r\000u\000c\000t\000u\000r\000e}{subsection.11.5}% 80
\BOOKMARK [3][-]{subsubsection.11.5.3}{\376\377\000T\000i\000m\000e\000\040\000C\000o\000m\000p\000l\000e\000x\000i\000t\000y}{subsection.11.5}% 81
\BOOKMARK [3][-]{subsubsection.11.5.4}{\376\377\000S\000p\000a\000c\000e\000\040\000C\000o\000m\000p\000l\000e\000x\000i\000t\000y}{subsection.11.5}% 82
\BOOKMARK [3][-]{subsubsection.11.5.5}{\376\377\000G\000a\000m\000e\000\040\000F\000e\000a\000t\000u\000r\000e\000s\000\040\000a\000n\000d\000\040\000I\000m\000p\000l\000e\000m\000e\000n\000t\000a\000t\000i\000o\000n\000\040\000S\000t\000a\000t\000u\000s}{subsection.11.5}% 83
\BOOKMARK [3][-]{subsubsection.11.5.6}{\376\377\000G\000a\000m\000e\000\040\000R\000e\000s\000u\000l\000t\000s}{subsection.11.5}% 84
\BOOKMARK [2][-]{subsection.11.6}{\376\377\000F\000i\000r\000m\000a\000m\000e\000n\000t\000\040\000S\000i\000e\000g\000e}{section.11}% 85
\BOOKMARK [3][-]{subsubsection.11.6.1}{\376\377\000R\000u\000l\000e\000s\000\040\000o\000f\000\040\000F\000i\000r\000m\000a\000m\000e\000n\000t\000\040\000S\000i\000e\000g\000e}{subsection.11.6}% 86
\BOOKMARK [3][-]{subsubsection.11.6.2}{\376\377\000P\000r\000o\000j\000e\000c\000t\000\040\000S\000t\000r\000u\000c\000t\000u\000r\000e}{subsection.11.6}% 87
\BOOKMARK [3][-]{subsubsection.11.6.3}{\376\377\000T\000i\000m\000e\000\040\000C\000o\000m\000p\000l\000e\000x\000i\000t\000y}{subsection.11.6}% 88
\BOOKMARK [3][-]{subsubsection.11.6.4}{\376\377\000S\000p\000a\000c\000e\000\040\000C\000o\000m\000p\000l\000e\000x\000i\000t\000y}{subsection.11.6}% 89
\BOOKMARK [3][-]{subsubsection.11.6.5}{\376\377\000G\000a\000m\000e\000\040\000F\000e\000a\000t\000u\000r\000e\000s\000\040\000a\000n\000d\000\040\000I\000m\000p\000l\000e\000m\000e\000n\000t\000a\000t\000i\000o\000n\000\040\000S\000t\000a\000t\000u\000s}{subsection.11.6}% 90
\BOOKMARK [3][-]{subsubsection.11.6.6}{\376\377\000G\000a\000m\000e\000\040\000R\000e\000s\000u\000l\000t\000s}{subsection.11.6}% 91
\BOOKMARK [2][-]{subsection.11.7}{\376\377\000J\000u\000i\000c\000e\000\040\000C\000u\000t\000t\000e\000r}{section.11}% 92
\BOOKMARK [3][-]{subsubsection.11.7.1}{\376\377\000R\000u\000l\000e\000s\000\040\000o\000f\000\040\000J\000u\000i\000c\000e\000\040\000C\000u\000t\000t\000e\000r}{subsection.11.7}% 93
\BOOKMARK [3][-]{subsubsection.11.7.2}{\376\377\000P\000r\000o\000j\000e\000c\000t\000\040\000S\000t\000r\000u\000c\000t\000u\000r\000e}{subsection.11.7}% 94
\BOOKMARK [3][-]{subsubsection.11.7.3}{\376\377\000T\000i\000m\000e\000\040\000C\000o\000m\000p\000l\000e\000x\000i\000t\000y}{subsection.11.7}% 95
\BOOKMARK [3][-]{subsubsection.11.7.4}{\376\377\000S\000p\000a\000c\000e\000\040\000C\000o\000m\000p\000l\000e\000x\000i\000t\000y}{subsection.11.7}% 96
\BOOKMARK [3][-]{subsubsection.11.7.5}{\376\377\000G\000a\000m\000e\000\040\000F\000e\000a\000t\000u\000r\000e\000s\000\040\000a\000n\000d\000\040\000I\000m\000p\000l\000e\000m\000e\000n\000t\000a\000t\000i\000o\000n\000\040\000S\000t\000a\000t\000u\000s}{subsection.11.7}% 97
\BOOKMARK [3][-]{subsubsection.11.7.6}{\376\377\000G\000a\000m\000e\000\040\000R\000e\000s\000u\000l\000t\000s}{subsection.11.7}% 98
\BOOKMARK [2][-]{subsection.11.8}{\376\377\000T\000u\000r\000r\000i\000s\000\040\000C\000a\000s\000e\000i}{section.11}% 99
\BOOKMARK [3][-]{subsubsection.11.8.1}{\376\377\000R\000u\000l\000e\000s\000\040\000o\000f\000\040\000T\000u\000r\000r\000i\000s\000\040\000C\000a\000s\000e\000i}{subsection.11.8}% 100
\BOOKMARK [3][-]{subsubsection.11.8.2}{\376\377\000P\000r\000o\000j\000e\000c\000t\000\040\000S\000t\000r\000u\000c\000t\000u\000r\000e}{subsection.11.8}% 101
\BOOKMARK [3][-]{subsubsection.11.8.3}{\376\377\000T\000i\000m\000e\000\040\000C\000o\000m\000p\000l\000e\000x\000i\000t\000y}{subsection.11.8}% 102
\BOOKMARK [3][-]{subsubsection.11.8.4}{\376\377\000S\000p\000a\000c\000e\000\040\000C\000o\000m\000p\000l\000e\000x\000i\000t\000y}{subsection.11.8}% 103
\BOOKMARK [3][-]{subsubsection.11.8.5}{\376\377\000G\000a\000m\000e\000\040\000F\000e\000a\000t\000u\000r\000e\000s\000\040\000a\000n\000d\000\040\000I\000m\000p\000l\000e\000m\000e\000n\000t\000a\000t\000i\000o\000n\000\040\000S\000t\000a\000t\000u\000s}{subsection.11.8}% 104
\BOOKMARK [3][-]{subsubsection.11.8.6}{\376\377\000G\000a\000m\000e\000\040\000R\000e\000s\000u\000l\000t\000s}{subsection.11.8}% 105
\BOOKMARK [2][-]{subsection.11.9}{\376\377\000T\000a\000p\000\040\000A\000n\000d\000\040\000H\000o\000l\000d}{section.11}% 106
\BOOKMARK [3][-]{subsubsection.11.9.1}{\376\377\000R\000u\000l\000e\000s\000\040\000o\000f\000\040\000T\000a\000p\000\040\000A\000n\000d\000\040\000H\000o\000l\000d}{subsection.11.9}% 107
\BOOKMARK [3][-]{subsubsection.11.9.2}{\376\377\000P\000r\000o\000j\000e\000c\000t\000\040\000S\000t\000r\000u\000c\000t\000u\000r\000e}{subsection.11.9}% 108
\BOOKMARK [3][-]{subsubsection.11.9.3}{\376\377\000T\000i\000m\000e\000\040\000C\000o\000m\000p\000l\000e\000x\000i\000t\000y}{subsection.11.9}% 109
\BOOKMARK [3][-]{subsubsection.11.9.4}{\376\377\000S\000p\000a\000c\000e\000\040\000C\000o\000m\000p\000l\000e\000x\000i\000t\000y}{subsection.11.9}% 110
\BOOKMARK [3][-]{subsubsection.11.9.5}{\376\377\000G\000a\000m\000e\000\040\000F\000e\000a\000t\000u\000r\000e\000s\000\040\000a\000n\000d\000\040\000I\000m\000p\000l\000e\000m\000e\000n\000t\000a\000t\000i\000o\000n\000\040\000S\000t\000a\000t\000u\000s}{subsection.11.9}% 111
\BOOKMARK [3][-]{subsubsection.11.9.6}{\376\377\000G\000a\000m\000e\000\040\000R\000e\000s\000u\000l\000t\000s}{subsection.11.9}% 112
\BOOKMARK [2][-]{subsection.11.10}{\376\377\000I\000m\000N\000o\000t\000A\000S\000p\000h\000e\000r\000e}{section.11}% 113
\BOOKMARK [3][-]{subsubsection.11.10.1}{\376\377\000R\000u\000l\000e\000s\000\040\000o\000f\000\040\000I\000m\000N\000o\000t\000A\000S\000p\000h\000e\000r\000e}{subsection.11.10}% 114
\BOOKMARK [3][-]{subsubsection.11.10.2}{\376\377\000P\000r\000o\000j\000e\000c\000t\000\040\000S\000t\000r\000u\000c\000t\000u\000r\000e}{subsection.11.10}% 115
\BOOKMARK [3][-]{subsubsection.11.10.3}{\376\377\000T\000i\000m\000e\000\040\000C\000o\000m\000p\000l\000e\000x\000i\000t\000y}{subsection.11.10}% 116
\BOOKMARK [3][-]{subsubsection.11.10.4}{\376\377\000S\000p\000a\000c\000e\000\040\000C\000o\000m\000p\000l\000e\000x\000i\000t\000y}{subsection.11.10}% 117
\BOOKMARK [3][-]{subsubsection.11.10.5}{\376\377\000G\000a\000m\000e\000\040\000F\000e\000a\000t\000u\000r\000e\000s\000\040\000a\000n\000d\000\040\000I\000m\000p\000l\000e\000m\000e\000n\000t\000a\000t\000i\000o\000n\000\040\000S\000t\000a\000t\000u\000s}{subsection.11.10}% 118
\BOOKMARK [3][-]{subsubsection.11.10.6}{\376\377\000G\000a\000m\000e\000\040\000R\000e\000s\000u\000l\000t\000s}{subsection.11.10}% 119
\BOOKMARK [1][-]{section.12}{\376\377\000S\000h\000a\000r\000e\000d\000\040\000S\000y\000s\000t\000e\000m\000s}{part.3}% 120
\BOOKMARK [2][-]{subsection.12.1}{\376\377\000S\000c\000o\000r\000e\000\040\000T\000a\000b\000l\000e\000\040\000S\000y\000s\000t\000e\000m}{section.12}% 121
\BOOKMARK [3][-]{subsubsection.12.1.1}{\376\377\000A\000r\000c\000h\000i\000t\000e\000c\000t\000u\000r\000e}{subsection.12.1}% 122
\BOOKMARK [3][-]{subsubsection.12.1.2}{\376\377\000D\000a\000t\000a\000\040\000F\000l\000o\000w}{subsection.12.1}% 123
\BOOKMARK [3][-]{subsubsection.12.1.3}{\376\377\000G\000a\000m\000e\000s\000\040\000U\000s\000i\000n\000g\000\040\000T\000h\000i\000s\000\040\000S\000y\000s\000t\000e\000m}{subsection.12.1}% 124
\BOOKMARK [2][-]{subsection.12.2}{\376\377\000M\000e\000n\000u\000\040\000S\000y\000s\000t\000e\000m}{section.12}% 125
\BOOKMARK [3][-]{subsubsection.12.2.1}{\376\377\000M\000e\000n\000u\0001\000t\000o\0007\000\040\000\050\000S\000i\000n\000g\000l\000e\000\040\000P\000l\000a\000y\000e\000r\000\040\000M\000e\000n\000u\000\051}{subsection.12.2}% 126
\BOOKMARK [3][-]{subsubsection.12.2.2}{\376\377\000M\000e\000n\000u\0008\000t\000o\0001\0000\000\040\000\050\000M\000e\000n\000u\000\040\000+\000\040\000M\000u\000l\000t\000i\000p\000l\000a\000y\000e\000r\000\040\000L\000o\000b\000b\000y\000\051}{subsection.12.2}% 127
\BOOKMARK [2][-]{subsection.12.3}{\376\377\000U\000n\000i\000v\000e\000r\000s\000a\000l\000\040\000C\000o\000n\000t\000r\000o\000l\000l\000e\000r}{section.12}% 128
\BOOKMARK [3][-]{subsubsection.12.3.1}{\376\377\000M\000e\000n\000u\000\040\000N\000a\000v\000i\000g\000a\000t\000i\000o\000n\000\040\000H\000e\000l\000p\000e\000r\000s}{subsection.12.3}% 129
\BOOKMARK [3][-]{subsubsection.12.3.2}{\376\377\000P\000e\000r\000\040\000G\000a\000m\000e\000\040\000C\000o\000n\000t\000r\000o\000l\000\040\000B\000i\000n\000d\000i\000n\000g\000s}{subsection.12.3}% 130
\BOOKMARK [3][-]{subsubsection.12.3.3}{\376\377\000V\000i\000r\000t\000u\000a\000l\000\040\000C\000o\000n\000t\000r\000o\000l\000\040\000W\000i\000d\000g\000e\000t\000s}{subsection.12.3}% 131
\BOOKMARK [2][-]{subsection.12.4}{\376\377\000M\000u\000l\000t\000i\000p\000l\000a\000y\000e\000r\000\040\000L\000o\000b\000b\000y\000\040\000S\000y\000s\000t\000e\000m}{section.12}% 132
\BOOKMARK [1][-]{section.13}{\376\377\000I\000n\000\040\000G\000a\000m\000e\000\040\000D\000a\000t\000a\000\040\000A\000n\000a\000l\000y\000t\000i\000c\000s\000\040\000S\000y\000s\000t\000e\000m}{part.3}% 133
\BOOKMARK [2][-]{subsection.13.1}{\376\377\000A\000r\000c\000h\000i\000t\000e\000c\000t\000u\000r\000e}{section.13}% 134
\BOOKMARK [2][-]{subsection.13.2}{\376\377\000D\000a\000t\000a\000\040\000C\000o\000l\000l\000e\000c\000t\000e\000d\000\040\000P\000e\000r\000\040\000G\000a\000m\000e}{section.13}% 135
\BOOKMARK [2][-]{subsection.13.3}{\376\377\000C\000h\000a\000r\000t\000\040\000E\000n\000g\000i\000n\000e}{section.13}% 136
\BOOKMARK [2][-]{subsection.13.4}{\376\377\000B\000o\000a\000r\000d\000\040\000T\000y\000p\000e\000s}{section.13}% 137
\BOOKMARK [2][-]{subsection.13.5}{\376\377\000D\000a\000t\000a\000\040\000F\000l\000o\000w}{section.13}% 138
